#
# A fatal error has been detected by the Java Runtime Environment:
#
#  SIGSEGV (0xb) at pc=0x00007fff6d89ae97, pid=2306, tid=0x0000000000009707
#
# JRE version: Java(TM) SE Runtime Environment (8.0_131-b11) (build 1.8.0_131-b11)
# Java VM: Java HotSpot(TM) 64-Bit Server VM (25.131-b11 mixed mode bsd-amd64 compressed oops)
# Problematic frame:
# C  [libobjc.A.dylib+0x6e97]  objc_msgSend+0x17
#
# Failed to write core dump. Core dumps have been disabled. To enable core dumping, try "ulimit -c unlimited" before starting Java again
#
# If you would like to submit a bug report, please visit:
#   http://bugreport.java.com/bugreport/crash.jsp
# The crash happened outside the Java Virtual Machine in native code.
# See problematic frame for where to report the bug.
#

---------------  T H R E A D  ---------------

Current thread (0x00007fbb1674d000):  JavaThread "pool-3-thread-1" [_thread_in_native, id=38663, stack(0x000070000b34d000,0x000070000b44d000)]

siginfo: si_signo: 11 (SIGSEGV), si_code: 0 (unknown), si_addr: 0x0000000000000000

Registers:
RAX=0x0000000000000000, RBX=0x00007fbb175c22a0, RCX=0x0000000000000000, RDX=0x000000000000001c
RSP=0x000070000b44c358, RBP=0x000070000b44c380, RSI=0x00007fff4516570a, RDI=0xb00007fbb19d28ee
R8 =0x0000000000000000, R9 =0x00007fbb19d18308, R10=0x00007ffffffffff8, R11=0x00007fbb19d1830c
R12=0x0000000000000010, R13=0x000000012b97b828, R14=0x0000000000000000, R15=0x0000000000000008
RIP=0x00007fff6d89ae97, EFLAGS=0x0000000000010246, ERR=0x0000000000000000
  TRAPNO=0x000000000000000d

Top of Stack: (sp=0x000070000b44c358)
0x000070000b44c358:   0000000127093a13 00007fff6d89ae80
0x000070000b44c368:   0000000000000000 00007fbb14e34000
0x000070000b44c378:   00007fbb175a5980 000070000b44c3b0
0x000070000b44c388:   0000000127092f8b 000000012709a880
0x000070000b44c398:   00007fbb19d177f0 000070000b44c420
0x000070000b44c3a8:   00007fbb1674d000 000070000b44c3e0
0x000070000b44c3b8:   00000001270862ee 0000000000000000
0x000070000b44c3c8:   0000000000000000 0000700000000000
0x000070000b44c3d8:   00007fbb19d177f0 000070000b44c410
0x000070000b44c3e8:   000000012708671a 0000000000000000
0x000070000b44c3f8:   0000000000000000 00007fbb1674d1f8
0x000070000b44c408:   000070000b44c4f8 000070000b44c450
0x000070000b44c418:   0000000125d3b921 0000700002010000
0x000070000b44c428:   00007fbb14ff9120 0000000000000000
0x000070000b44c438:   0000000125d3b307 000000012b97b828
0x000070000b44c448:   000070000b44c4f8 000070000b44c4c0
0x000070000b44c458:   000000010c1579f4 0000000000000001
0x000070000b44c468:   000070000b44c500 0000000000000000
0x000070000b44c478:   000000010c157ee9 000070000b44c480
0x000070000b44c488:   0000000000000000 000070000b44c4f8
0x000070000b44c498:   000000012b97ef50 0000000000000000
0x000070000b44c4a8:   000000012b97b828 0000000000000000
0x000070000b44c4b8:   000070000b44c4e0 000070000b44c540
0x000070000b44c4c8:   000000010c147a90 00000007402b8620
0x000070000b44c4d8:   000000010c151520 00007fbb14ff9120
0x000070000b44c4e8:   00000007402b8620 00007fbb19d177f0
0x000070000b44c4f8:   00007fbb19d177f0 000070000b44c500
0x000070000b44c508:   000000012b97ad00 000070000b44c560
0x000070000b44c518:   000000012b97ef50 0000000000000000
0x000070000b44c528:   000000012b97ad38 000070000b44c4e0
0x000070000b44c538:   000070000b44c558 000070000b44c5a8
0x000070000b44c548:   000000010c147a90 0000000000000000 

Instructions: (pc=0x00007fff6d89ae97)
0x00007fff6d89ae77:   84 00 00 00 00 00 0f 1f 00 48 85 ff 2e 74 62 40
0x00007fff6d89ae87:   f6 c7 01 2e 75 66 49 ba f8 ff ff ff ff 7f 00 00
0x00007fff6d89ae97:   4c 23 17 49 89 f3 45 23 5a 18 49 c1 e3 04 4d 03
0x00007fff6d89aea7:   5a 10 49 3b 33 75 04 41 ff 63 08 49 83 3b 01 76 

Register to memory mapping:

RAX=0x0000000000000000 is an unknown value
RBX=0x00007fbb175c22a0 is an unknown value
RCX=0x0000000000000000 is an unknown value
RDX=0x000000000000001c is an unknown value
RSP=0x000070000b44c358 is pointing into the stack for thread: 0x00007fbb1674d000
RBP=0x000070000b44c380 is pointing into the stack for thread: 0x00007fbb1674d000
RSI=0x00007fff4516570a: .str.41.llvm.FE30BCA4+0x415b9 in /System/Library/Frameworks/AppKit.framework/Versions/C/AppKit at 0x00007fff44490000
RDI=0xb00007fbb19d28ee is an unknown value
R8 =0x0000000000000000 is an unknown value
R9 =0x00007fbb19d18308 is an unknown value
R10=0x00007ffffffffff8 is an unknown value
R11=0x00007fbb19d1830c is an unknown value
R12=0x0000000000000010 is an unknown value
R13={method} {0x000000012b97b828} 'read_0' '(JJ)Z' in 'org/opencv/videoio/VideoCapture'
R14=0x0000000000000000 is an unknown value
R15=0x0000000000000008 is an unknown value


Stack: [0x000070000b34d000,0x000070000b44d000],  sp=0x000070000b44c358,  free space=1020k
Native frames: (J=compiled Java code, j=interpreted, Vv=VM code, C=native code)
C  [libobjc.A.dylib+0x6e97]  objc_msgSend+0x17
C  [libopencv_videoio.3.3.dylib+0x13f8b]  CvCaptureCAM::grabFrame()+0x5b
C  [libopencv_videoio.3.3.dylib+0x72ee]  cv::VideoCapture::grab()+0x3e
C  [libopencv_videoio.3.3.dylib+0x771a]  cv::VideoCapture::read(cv::_OutputArray const&)+0x2a
C  [libopencv_java331.dylib+0x86921]  Java_org_opencv_videoio_VideoCapture_read_10+0x31
j  org.opencv.videoio.VideoCapture.read_0(JJ)Z+0
j  org.opencv.videoio.VideoCapture.read(Lorg/opencv/core/Mat;)Z+8
j  FaceRecognition.FaceRecognitionController.grabFrame()Lorg/opencv/core/Mat;+23
j  FaceRecognition.FaceRecognitionController.access$000(LFaceRecognition/FaceRecognitionController;)Lorg/opencv/core/Mat;+1
j  FaceRecognition.FaceRecognitionController$1.run()V+4
J 2302 C1 java.util.concurrent.Executors$RunnableAdapter.call()Ljava/lang/Object; (14 bytes) @ 0x000000010c7c52d4 [0x000000010c7c51c0+0x114]
J 2301 C1 java.util.concurrent.FutureTask.runAndReset()Z (128 bytes) @ 0x000000010c7d02ac [0x000000010c7d0040+0x26c]
j  java.util.concurrent.ScheduledThreadPoolExecutor$ScheduledFutureTask.access$301(Ljava/util/concurrent/ScheduledThreadPoolExecutor$ScheduledFutureTask;)Z+1
j  java.util.concurrent.ScheduledThreadPoolExecutor$ScheduledFutureTask.run()V+37
j  java.util.concurrent.ThreadPoolExecutor.runWorker(Ljava/util/concurrent/ThreadPoolExecutor$Worker;)V+95
j  java.util.concurrent.ThreadPoolExecutor$Worker.run()V+5
j  java.lang.Thread.run()V+11
v  ~StubRoutines::call_stub
V  [libjvm.dylib+0x2ee5b6]  JavaCalls::call_helper(JavaValue*, methodHandle*, JavaCallArguments*, Thread*)+0x6ae
V  [libjvm.dylib+0x2eed5a]  JavaCalls::call_virtual(JavaValue*, KlassHandle, Symbol*, Symbol*, JavaCallArguments*, Thread*)+0x164
V  [libjvm.dylib+0x2eef06]  JavaCalls::call_virtual(JavaValue*, Handle, KlassHandle, Symbol*, Symbol*, Thread*)+0x4a
V  [libjvm.dylib+0x34965d]  thread_entry(JavaThread*, Thread*)+0x7c
V  [libjvm.dylib+0x56b87f]  JavaThread::thread_main_inner()+0x9b
V  [libjvm.dylib+0x56cf6c]  JavaThread::run()+0x1c2
V  [libjvm.dylib+0x48b376]  java_start(Thread*)+0xf6
C  [libsystem_pthread.dylib+0x36c1]  _pthread_body+0x154
C  [libsystem_pthread.dylib+0x356d]  _pthread_body+0x0
C  [libsystem_pthread.dylib+0x2c5d]  thread_start+0xd
C  0x0000000000000000

Java frames: (J=compiled Java code, j=interpreted, Vv=VM code)
j  org.opencv.videoio.VideoCapture.read_0(JJ)Z+0
j  org.opencv.videoio.VideoCapture.read(Lorg/opencv/core/Mat;)Z+8
j  FaceRecognition.FaceRecognitionController.grabFrame()Lorg/opencv/core/Mat;+23
j  FaceRecognition.FaceRecognitionController.access$000(LFaceRecognition/FaceRecognitionController;)Lorg/opencv/core/Mat;+1
j  FaceRecognition.FaceRecognitionController$1.run()V+4
J 2302 C1 java.util.concurrent.Executors$RunnableAdapter.call()Ljava/lang/Object; (14 bytes) @ 0x000000010c7c52d4 [0x000000010c7c51c0+0x114]
J 2301 C1 java.util.concurrent.FutureTask.runAndReset()Z (128 bytes) @ 0x000000010c7d02ac [0x000000010c7d0040+0x26c]
j  java.util.concurrent.ScheduledThreadPoolExecutor$ScheduledFutureTask.access$301(Ljava/util/concurrent/ScheduledThreadPoolExecutor$ScheduledFutureTask;)Z+1
j  java.util.concurrent.ScheduledThreadPoolExecutor$ScheduledFutureTask.run()V+37
j  java.util.concurrent.ThreadPoolExecutor.runWorker(Ljava/util/concurrent/ThreadPoolExecutor$Worker;)V+95
j  java.util.concurrent.ThreadPoolExecutor$Worker.run()V+5
j  java.lang.Thread.run()V+11
v  ~StubRoutines::call_stub

---------------  P R O C E S S  ---------------

Java Threads: ( => current thread )
=>0x00007fbb1674d000 JavaThread "pool-3-thread-1" [_thread_in_native, id=38663, stack(0x000070000b34d000,0x000070000b44d000)]
  0x00007fbb15b62800 JavaThread "JavaCPP Deallocator" daemon [_thread_blocked, id=90979, stack(0x000070000ba6b000,0x000070000bb6b000)]
  0x00007fbb15b7a800 JavaThread "Java2D Disposer" daemon [_thread_blocked, id=89879, stack(0x000070000b968000,0x000070000ba68000)]
  0x00007fbb15ae3800 JavaThread "Java2D Queue Flusher" daemon [_thread_blocked, id=89099, stack(0x000070000b865000,0x000070000b965000)]
  0x00007fbb159a9000 JavaThread "Prism Font Disposer" daemon [_thread_blocked, id=53995, stack(0x000070000b144000,0x000070000b244000)]
  0x00007fbb150e5000 JavaThread "Abandoned connection cleanup thread" daemon [_thread_blocked, id=50435, stack(0x000070000b041000,0x000070000b141000)]
  0x00007fbb15980800 JavaThread "JavaFX-Launcher" [_thread_blocked, id=49923, stack(0x000070000af3e000,0x000070000b03e000)]
  0x00007fbb150e6000 JavaThread "Thread-3" daemon [_thread_in_native, id=37635, stack(0x000070000ae38000,0x000070000aeb8000)]
  0x00007fbb15942000 JavaThread "JavaFX Application Thread" [_thread_in_native, id=775, stack(0x00007ffee4f1a000,0x00007ffee571a000)]
  0x00007fbb16214000 JavaThread "Thread-1" daemon [_thread_blocked, id=25611, stack(0x000070000ad35000,0x000070000ae35000)]
  0x00007fbb161ed000 JavaThread "QuantumRenderer-0" daemon [_thread_blocked, id=19459, stack(0x000070000ac32000,0x000070000ad32000)]
  0x00007fbb15833800 JavaThread "Service Thread" daemon [_thread_blocked, id=18435, stack(0x000070000aa2c000,0x000070000ab2c000)]
  0x00007fbb15825800 JavaThread "C1 CompilerThread2" daemon [_thread_blocked, id=17923, stack(0x000070000a929000,0x000070000aa29000)]
  0x00007fbb1581e800 JavaThread "C2 CompilerThread1" daemon [_thread_blocked, id=17411, stack(0x000070000a826000,0x000070000a926000)]
  0x00007fbb1603c800 JavaThread "C2 CompilerThread0" daemon [_thread_blocked, id=16899, stack(0x000070000a723000,0x000070000a823000)]
  0x00007fbb16029800 JavaThread "Signal Dispatcher" daemon [_thread_blocked, id=16387, stack(0x000070000a620000,0x000070000a720000)]
  0x00007fbb16018800 JavaThread "Finalizer" daemon [_thread_blocked, id=12803, stack(0x000070000a49a000,0x000070000a59a000)]
  0x00007fbb1680c800 JavaThread "Reference Handler" daemon [_thread_blocked, id=12291, stack(0x000070000a397000,0x000070000a497000)]
  0x00007fbb16005000 JavaThread "main" [_thread_blocked, id=6659, stack(0x0000700009d85000,0x0000700009e85000)]

Other Threads:
  0x00007fbb16013800 VMThread [stack: 0x000070000a294000,0x000070000a394000] [id=11779]
  0x00007fbb15828000 WatcherThread [stack: 0x000070000ab2f000,0x000070000ac2f000] [id=18947]

VM state:not at safepoint (normal execution)

VM Mutex/Monitor currently owned by a thread: None

Heap:
 PSYoungGen      total 638976K, used 63102K [0x0000000795580000, 0x00000007c0000000, 0x00000007c0000000)
  eden space 615424K, 7% used [0x0000000795580000,0x00000007983df8b8,0x00000007bae80000)
  from space 23552K, 66% used [0x00000007bae80000,0x00000007bbdc0050,0x00000007bc580000)
  to   space 24064K, 0% used [0x00000007be880000,0x00000007be880000,0x00000007c0000000)
 ParOldGen       total 67584K, used 40643K [0x0000000740000000, 0x0000000744200000, 0x0000000795580000)
  object space 67584K, 60% used [0x0000000740000000,0x00000007427b0c18,0x0000000744200000)
 Metaspace       used 23373K, capacity 24062K, committed 24320K, reserved 1071104K
  class space    used 2844K, capacity 3020K, committed 3072K, reserved 1048576K

Card table byte_map: [0x000000011b500000,0x000000011b901000] byte_map_base: 0x0000000117b00000

Marking Bits: (ParMarkBitMap*) 0x000000010ba8eea0
 Begin Bits: [0x000000011b901000, 0x000000011d901000)
 End Bits:   [0x000000011d901000, 0x000000011f901000)

Polling page: 0x000000010a594000

CodeCache: size=245760Kb used=8215Kb max_used=8221Kb free=237544Kb
 bounds [0x000000010c140000, 0x000000010c950000, 0x000000011b140000]
 total_blobs=3776 nmethods=2769 adapters=919
 compilation: enabled

Compilation events (10 events):
Event: 26.829 Thread 0x00007fbb1603c800 nmethod 2802 0x000000010c94c390 code [0x000000010c94c500, 0x000000010c94c708]
Event: 26.829 Thread 0x00007fbb15825800 nmethod 2808 0x000000010c3860d0 code [0x000000010c386220, 0x000000010c386330]
Event: 26.829 Thread 0x00007fbb15825800 2809       1       com.sun.prism.impl.shape.MaskData::getMaskBuffer (5 bytes)
Event: 26.829 Thread 0x00007fbb15825800 nmethod 2809 0x000000010c385e10 code [0x000000010c385f60, 0x000000010c386070]
Event: 26.829 Thread 0x00007fbb15825800 2798       3       javafx.scene.control.Labeled::getContentBias (15 bytes)
Event: 26.829 Thread 0x00007fbb15825800 nmethod 2798 0x000000010c3854d0 code [0x000000010c385680, 0x000000010c385c68]
Event: 26.829 Thread 0x00007fbb15825800 2801       1       javafx.scene.text.Text$TextAttribute::access$500 (5 bytes)
Event: 26.829 Thread 0x00007fbb15825800 nmethod 2801 0x000000010c385210 code [0x000000010c385360, 0x000000010c385450]
Event: 26.955 Thread 0x00007fbb15825800 2810       3       com.sun.javafx.event.EventDispatchChainImpl::reset (44 bytes)
Event: 26.956 Thread 0x00007fbb15825800 nmethod 2810 0x000000010c94b790 code [0x000000010c94b920, 0x000000010c94bc90]

GC Heap History (10 events):
Event: 11.317 GC heap before
{Heap before GC invocations=12 (full 1):
 PSYoungGen      total 352256K, used 338829K [0x0000000795580000, 0x00000007aca00000, 0x00000007c0000000)
  eden space 336384K, 99% used [0x0000000795580000,0x00000007a9cb74b8,0x00000007a9e00000)
  from space 15872K, 23% used [0x00000007aba80000,0x00000007abe2c010,0x00000007aca00000)
  to   space 22528K, 0% used [0x00000007a9e00000,0x00000007a9e00000,0x00000007ab400000)
 ParOldGen       total 67584K, used 14170K [0x0000000740000000, 0x0000000744200000, 0x0000000795580000)
  object space 67584K, 20% used [0x0000000740000000,0x0000000740dd6b98,0x0000000744200000)
 Metaspace       used 22809K, capacity 23440K, committed 23808K, reserved 1071104K
  class space    used 2841K, capacity 3015K, committed 3072K, reserved 1048576K
Event: 11.331 GC heap after
Heap after GC invocations=12 (full 1):
 PSYoungGen      total 358912K, used 11860K [0x0000000795580000, 0x00000007b4e00000, 0x00000007c0000000)
  eden space 336384K, 0% used [0x0000000795580000,0x0000000795580000,0x00000007a9e00000)
  from space 22528K, 52% used [0x00000007a9e00000,0x00000007aa995040,0x00000007ab400000)
  to   space 22016K, 0% used [0x00000007b3880000,0x00000007b3880000,0x00000007b4e00000)
 ParOldGen       total 67584K, used 17794K [0x0000000740000000, 0x0000000744200000, 0x0000000795580000)
  object space 67584K, 26% used [0x0000000740000000,0x0000000741160ba8,0x0000000744200000)
 Metaspace       used 22809K, capacity 23440K, committed 23808K, reserved 1071104K
  class space    used 2841K, capacity 3015K, committed 3072K, reserved 1048576K
}
Event: 12.836 GC heap before
{Heap before GC invocations=13 (full 1):
 PSYoungGen      total 358912K, used 348106K [0x0000000795580000, 0x00000007b4e00000, 0x00000007c0000000)
  eden space 336384K, 99% used [0x0000000795580000,0x00000007a9ddda90,0x00000007a9e00000)
  from space 22528K, 52% used [0x00000007a9e00000,0x00000007aa995040,0x00000007ab400000)
  to   space 22016K, 0% used [0x00000007b3880000,0x00000007b3880000,0x00000007b4e00000)
 ParOldGen       total 67584K, used 17794K [0x0000000740000000, 0x0000000744200000, 0x0000000795580000)
  object space 67584K, 26% used [0x0000000740000000,0x0000000741160ba8,0x0000000744200000)
 Metaspace       used 22939K, capacity 23584K, committed 23808K, reserved 1071104K
  class space    used 2841K, capacity 3015K, committed 3072K, reserved 1048576K
Event: 12.842 GC heap after
Heap after GC invocations=13 (full 1):
 PSYoungGen      total 473088K, used 7484K [0x0000000795580000, 0x00000007b4280000, 0x00000007c0000000)
  eden space 462848K, 0% used [0x0000000795580000,0x0000000795580000,0x00000007b1980000)
  from space 10240K, 73% used [0x00000007b3880000,0x00000007b3fcf030,0x00000007b4280000)
  to   space 20992K, 0% used [0x00000007b1980000,0x00000007b1980000,0x00000007b2e00000)
 ParOldGen       total 67584K, used 21418K [0x0000000740000000, 0x0000000744200000, 0x0000000795580000)
  object space 67584K, 31% used [0x0000000740000000,0x00000007414eabb8,0x0000000744200000)
 Metaspace       used 22939K, capacity 23584K, committed 23808K, reserved 1071104K
  class space    used 2841K, capacity 3015K, committed 3072K, reserved 1048576K
}
Event: 20.502 GC heap before
{Heap before GC invocations=14 (full 1):
 PSYoungGen      total 473088K, used 468421K [0x0000000795580000, 0x00000007b4280000, 0x00000007c0000000)
  eden space 462848K, 99% used [0x0000000795580000,0x00000007b17a2588,0x00000007b1980000)
  from space 10240K, 73% used [0x00000007b3880000,0x00000007b3fcf030,0x00000007b4280000)
  to   space 20992K, 0% used [0x00000007b1980000,0x00000007b1980000,0x00000007b2e00000)
 ParOldGen       total 67584K, used 21418K [0x0000000740000000, 0x0000000744200000, 0x0000000795580000)
  object space 67584K, 31% used [0x0000000740000000,0x00000007414eabb8,0x0000000744200000)
 Metaspace       used 23220K, capacity 23870K, committed 24064K, reserved 1071104K
  class space    used 2844K, capacity 3020K, committed 3072K, reserved 1048576K
Event: 20.519 GC heap after
Heap after GC invocations=14 (full 1):
 PSYoungGen      total 483840K, used 19280K [0x0000000795580000, 0x00000007be280000, 0x00000007c0000000)
  eden space 462848K, 0% used [0x0000000795580000,0x0000000795580000,0x00000007b1980000)
  from space 20992K, 91% used [0x00000007b1980000,0x00000007b2c54060,0x00000007b2e00000)
  to   space 23552K, 0% used [0x00000007bcb80000,0x00000007bcb80000,0x00000007be280000)
 ParOldGen       total 67584K, used 25058K [0x0000000740000000, 0x0000000744200000, 0x0000000795580000)
  object space 67584K, 37% used [0x0000000740000000,0x0000000741878bc8,0x0000000744200000)
 Metaspace       used 23220K, capacity 23870K, committed 24064K, reserved 1071104K
  class space    used 2844K, capacity 3020K, committed 3072K, reserved 1048576K
}
Event: 22.824 GC heap before
{Heap before GC invocations=15 (full 1):
 PSYoungGen      total 483840K, used 480927K [0x0000000795580000, 0x00000007be280000, 0x00000007c0000000)
  eden space 462848K, 99% used [0x0000000795580000,0x00000007b1853f80,0x00000007b1980000)
  from space 20992K, 91% used [0x00000007b1980000,0x00000007b2c54060,0x00000007b2e00000)
  to   space 23552K, 0% used [0x00000007bcb80000,0x00000007bcb80000,0x00000007be280000)
 ParOldGen       total 67584K, used 25058K [0x0000000740000000, 0x0000000744200000, 0x0000000795580000)
  object space 67584K, 37% used [0x0000000740000000,0x0000000741878bc8,0x0000000744200000)
 Metaspace       used 23289K, capacity 23998K, committed 24320K, reserved 1071104K
  class space    used 2844K, capacity 3020K, committed 3072K, reserved 1048576K
Event: 22.839 GC heap after
Heap after GC invocations=15 (full 1):
 PSYoungGen      total 632832K, used 14560K [0x0000000795580000, 0x00000007bdc80000, 0x00000007c0000000)
  eden space 615424K, 0% used [0x0000000795580000,0x0000000795580000,0x00000007bae80000)
  from space 17408K, 83% used [0x00000007bcb80000,0x00000007bd9b8040,0x00000007bdc80000)
  to   space 23552K, 0% used [0x00000007bae80000,0x00000007bae80000,0x00000007bc580000)
 ParOldGen       total 67584K, used 37019K [0x0000000740000000, 0x0000000744200000, 0x0000000795580000)
  object space 67584K, 54% used [0x0000000740000000,0x0000000742426c08,0x0000000744200000)
 Metaspace       used 23289K, capacity 23998K, committed 24320K, reserved 1071104K
  class space    used 2844K, capacity 3020K, committed 3072K, reserved 1048576K
}
Event: 26.140 GC heap before
{Heap before GC invocations=16 (full 1):
 PSYoungGen      total 632832K, used 627280K [0x0000000795580000, 0x00000007bdc80000, 0x00000007c0000000)
  eden space 615424K, 99% used [0x0000000795580000,0x00000007babdc168,0x00000007bae80000)
  from space 17408K, 83% used [0x00000007bcb80000,0x00000007bd9b8040,0x00000007bdc80000)
  to   space 23552K, 0% used [0x00000007bae80000,0x00000007bae80000,0x00000007bc580000)
 ParOldGen       total 67584K, used 37019K [0x0000000740000000, 0x0000000744200000, 0x0000000795580000)
  object space 67584K, 54% used [0x0000000740000000,0x0000000742426c08,0x0000000744200000)
 Metaspace       used 23358K, capacity 24062K, committed 24320K, reserved 1071104K
  class space    used 2844K, capacity 3020K, committed 3072K, reserved 1048576K
Event: 26.150 GC heap after
Heap after GC invocations=16 (full 1):
 PSYoungGen      total 638976K, used 15616K [0x0000000795580000, 0x00000007c0000000, 0x00000007c0000000)
  eden space 615424K, 0% used [0x0000000795580000,0x0000000795580000,0x00000007bae80000)
  from space 23552K, 66% used [0x00000007bae80000,0x00000007bbdc0050,0x00000007bc580000)
  to   space 24064K, 0% used [0x00000007be880000,0x00000007be880000,0x00000007c0000000)
 ParOldGen       total 67584K, used 40643K [0x0000000740000000, 0x0000000744200000, 0x0000000795580000)
  object space 67584K, 60% used [0x0000000740000000,0x00000007427b0c18,0x0000000744200000)
 Metaspace       used 23358K, capacity 24062K, committed 24320K, reserved 1071104K
  class space    used 2844K, capacity 3020K, committed 3072K, reserved 1048576K
}

Deoptimization events (10 events):
Event: 4.776 Thread 0x00007fbb1651c000 Uncommon trap: reason=unstable_if action=reinterpret pc=0x000000010c611a04 method=com.sun.javafx.image.impl.IntTo4ByteSameConverter.doConvert([III[BIIII)V @ 29
Event: 5.526 Thread 0x00007fbb1651c800 Uncommon trap: reason=unstable_if action=reinterpret pc=0x000000010c3cc508 method=java.util.Properties$LineReader.readLine()I @ 105
Event: 5.526 Thread 0x00007fbb1651c800 Uncommon trap: reason=unstable_if action=reinterpret pc=0x000000010c35d624 method=java.util.Properties.loadConvert([CII[C)Ljava/lang/String; @ 72
Event: 5.537 Thread 0x00007fbb1651c800 Uncommon trap: reason=class_check action=maybe_recompile pc=0x000000010c47c4c0 method=java.util.HashMap.putVal(ILjava/lang/Object;Ljava/lang/Object;ZZ)Ljava/lang/Object; @ 253
Event: 5.537 Thread 0x00007fbb1651c800 Uncommon trap: reason=class_check action=maybe_recompile pc=0x000000010c47c4c0 method=java.util.HashMap.putVal(ILjava/lang/Object;Ljava/lang/Object;ZZ)Ljava/lang/Object; @ 253
Event: 5.537 Thread 0x00007fbb1651c800 Uncommon trap: reason=class_check action=maybe_recompile pc=0x000000010c47c4c0 method=java.util.HashMap.putVal(ILjava/lang/Object;Ljava/lang/Object;ZZ)Ljava/lang/Object; @ 253
Event: 5.540 Thread 0x00007fbb1651c800 Uncommon trap: reason=bimorphic action=maybe_recompile pc=0x000000010c47c570 method=java.util.HashMap.putVal(ILjava/lang/Object;Ljava/lang/Object;ZZ)Ljava/lang/Object; @ 203
Event: 5.540 Thread 0x00007fbb1651c800 Uncommon trap: reason=bimorphic action=maybe_recompile pc=0x000000010c47c570 method=java.util.HashMap.putVal(ILjava/lang/Object;Ljava/lang/Object;ZZ)Ljava/lang/Object; @ 203
Event: 5.540 Thread 0x00007fbb1651c800 Uncommon trap: reason=bimorphic action=maybe_recompile pc=0x000000010c47c570 method=java.util.HashMap.putVal(ILjava/lang/Object;Ljava/lang/Object;ZZ)Ljava/lang/Object; @ 203
Event: 5.547 Thread 0x00007fbb1651c800 Uncommon trap: reason=class_check action=maybe_recompile pc=0x000000010c47c4c0 method=java.util.HashMap.putVal(ILjava/lang/Object;Ljava/lang/Object;ZZ)Ljava/lang/Object; @ 253

Internal exceptions (10 events):
Event: 1.280 Thread 0x00007fbb15942000 Exception <a 'java/lang/NullPointerException'> (0x0000000796bd7f40) thrown at [/Users/java_re/workspace/8-2-build-macosx-x86_64/jdk8u131/8869/hotspot/src/share/vm/prims/jvm.cpp, line 1394]
Event: 1.348 Thread 0x00007fbb15942000 Exception <a 'java/lang/ArrayIndexOutOfBoundsException'> (0x0000000796d9bed8) thrown at [/Users/java_re/workspace/8-2-build-macosx-x86_64/jdk8u131/8869/hotspot/src/share/vm/runtime/sharedRuntime.cpp, line 605]
Event: 1.348 Thread 0x00007fbb15942000 Exception <a 'java/lang/ArrayIndexOutOfBoundsException'> (0x0000000796d9ca40) thrown at [/Users/java_re/workspace/8-2-build-macosx-x86_64/jdk8u131/8869/hotspot/src/share/vm/runtime/sharedRuntime.cpp, line 605]
Event: 1.349 Thread 0x00007fbb15942000 Exception <a 'java/lang/ArrayIndexOutOfBoundsException'> (0x0000000796d9dde8) thrown at [/Users/java_re/workspace/8-2-build-macosx-x86_64/jdk8u131/8869/hotspot/src/share/vm/runtime/sharedRuntime.cpp, line 605]
Event: 1.354 Thread 0x00007fbb15942000 Exception <a 'java/lang/ArrayIndexOutOfBoundsException'> (0x0000000796db2580) thrown at [/Users/java_re/workspace/8-2-build-macosx-x86_64/jdk8u131/8869/hotspot/src/share/vm/runtime/sharedRuntime.cpp, line 605]
Event: 1.456 Thread 0x00007fbb15942000 Exception <a 'java/lang/ArrayIndexOutOfBoundsException'> (0x00000007970506e0) thrown at [/Users/java_re/workspace/8-2-build-macosx-x86_64/jdk8u131/8869/hotspot/src/share/vm/runtime/sharedRuntime.cpp, line 605]
Event: 1.642 Thread 0x00007fbb15942000 Implicit null exception at 0x000000010c447075 to 0x000000010c447271
Event: 4.685 Thread 0x00007fbb1651c000 Exception <a 'java/io/FileNotFoundException'> (0x000000079608cf20) thrown at [/Users/java_re/workspace/8-2-build-macosx-x86_64/jdk8u131/8869/hotspot/src/share/vm/prims/jni.cpp, line 709]
Event: 4.685 Thread 0x00007fbb1651c000 Exception <a 'java/io/FileNotFoundException'> (0x000000079608da88) thrown at [/Users/java_re/workspace/8-2-build-macosx-x86_64/jdk8u131/8869/hotspot/src/share/vm/prims/jni.cpp, line 709]
Event: 5.526 Thread 0x00007fbb1651c800 Implicit null exception at 0x000000010c3cbcd0 to 0x000000010c3cc4dd

Events (10 events):
Event: 25.934 Thread 0x00007fbb15825800 flushing nmethod 0x000000010c384cd0
Event: 25.934 Thread 0x00007fbb15825800 flushing nmethod 0x000000010c385290
Event: 25.934 Thread 0x00007fbb15825800 flushing nmethod 0x000000010c385650
Event: 25.934 Thread 0x00007fbb15825800 flushing nmethod 0x000000010c398a90
Event: 25.934 Thread 0x00007fbb15825800 flushing nmethod 0x000000010c3995d0
Event: 26.140 Executing VM operation: ParallelGCFailedAllocation
Event: 26.151 Executing VM operation: ParallelGCFailedAllocation done
Event: 26.389 Executing VM operation: RevokeBias
Event: 26.389 Executing VM operation: RevokeBias done
Event: 26.389 Thread 0x00007fbb15b08000 Thread exited: 0x00007fbb15b08000


Dynamic libraries:
0x000000001f80f000 	/System/Library/Frameworks/Cocoa.framework/Versions/A/Cocoa
0x000000001f80f000 	/System/Library/Frameworks/Security.framework/Versions/A/Security
0x000000001f80f000 	/System/Library/Frameworks/ApplicationServices.framework/Versions/A/ApplicationServices
0x000000001f80f000 	/usr/lib/libz.1.dylib
0x000000001f80f000 	/usr/lib/libSystem.B.dylib
0x000000001f80f000 	/usr/lib/libobjc.A.dylib
0x000000001f80f000 	/System/Library/Frameworks/CoreFoundation.framework/Versions/A/CoreFoundation
0x000000001f80f000 	/System/Library/Frameworks/Foundation.framework/Versions/C/Foundation
0x000000001f80f000 	/System/Library/Frameworks/AppKit.framework/Versions/C/AppKit
0x000000001f80f000 	/System/Library/Frameworks/CoreData.framework/Versions/A/CoreData
0x000000001f80f000 	/System/Library/PrivateFrameworks/RemoteViewServices.framework/Versions/A/RemoteViewServices
0x000000001f80f000 	/System/Library/PrivateFrameworks/UIFoundation.framework/Versions/A/UIFoundation
0x000000001f80f000 	/System/Library/PrivateFrameworks/DFRFoundation.framework/Versions/A/DFRFoundation
0x000000001f80f000 	/System/Library/Frameworks/Metal.framework/Versions/A/Metal
0x000000001f80f000 	/System/Library/PrivateFrameworks/DesktopServicesPriv.framework/Versions/A/DesktopServicesPriv
0x000000001f80f000 	/usr/lib/libenergytrace.dylib
0x000000001f80f000 	/System/Library/PrivateFrameworks/SkyLight.framework/Versions/A/SkyLight
0x000000001f80f000 	/System/Library/Frameworks/CoreGraphics.framework/Versions/A/CoreGraphics
0x000000001f80f000 	/usr/lib/libScreenReader.dylib
0x000000001f80f000 	/System/Library/Frameworks/Accelerate.framework/Versions/A/Accelerate
0x000000001f80f000 	/System/Library/Frameworks/IOSurface.framework/Versions/A/IOSurface
0x000000001f80f000 	/System/Library/Frameworks/AudioToolbox.framework/Versions/A/AudioToolbox
0x000000001f80f000 	/System/Library/Frameworks/AudioUnit.framework/Versions/A/AudioUnit
0x000000001f80f000 	/System/Library/PrivateFrameworks/DataDetectorsCore.framework/Versions/A/DataDetectorsCore
0x000000001f80f000 	/System/Library/Frameworks/Carbon.framework/Versions/A/Frameworks/HIToolbox.framework/Versions/A/HIToolbox
0x000000001f80f000 	/usr/lib/libicucore.A.dylib
0x000000001f80f000 	/System/Library/Frameworks/QuartzCore.framework/Versions/A/QuartzCore
0x000000001f80f000 	/System/Library/Frameworks/Carbon.framework/Versions/A/Frameworks/SpeechRecognition.framework/Versions/A/SpeechRecognition
0x000000001f80f000 	/usr/lib/libauto.dylib
0x000000001f80f000 	/usr/lib/libxml2.2.dylib
0x000000001f80f000 	/System/Library/PrivateFrameworks/CoreUI.framework/Versions/A/CoreUI
0x000000001f80f000 	/System/Library/Frameworks/CoreAudio.framework/Versions/A/CoreAudio
0x000000001f80f000 	/System/Library/Frameworks/DiskArbitration.framework/Versions/A/DiskArbitration
0x000000001f80f000 	/usr/lib/liblangid.dylib
0x000000001f80f000 	/System/Library/PrivateFrameworks/MultitouchSupport.framework/Versions/A/MultitouchSupport
0x000000001f80f000 	/System/Library/Frameworks/IOKit.framework/Versions/A/IOKit
0x000000001f80f000 	/usr/lib/libDiagnosticMessagesClient.dylib
0x000000001f80f000 	/System/Library/Frameworks/CoreServices.framework/Versions/A/CoreServices
0x000000001f80f000 	/System/Library/PrivateFrameworks/PerformanceAnalysis.framework/Versions/A/PerformanceAnalysis
0x000000001f80f000 	/System/Library/Frameworks/OpenGL.framework/Versions/A/OpenGL
0x000000001f80f000 	/System/Library/Frameworks/ColorSync.framework/Versions/A/ColorSync
0x000000001f80f000 	/System/Library/Frameworks/CoreImage.framework/Versions/A/CoreImage
0x000000001f80f000 	/System/Library/Frameworks/CoreText.framework/Versions/A/CoreText
0x000000001f80f000 	/System/Library/Frameworks/ImageIO.framework/Versions/A/ImageIO
0x000000001f80f000 	/System/Library/PrivateFrameworks/Backup.framework/Versions/A/Backup
0x000000001f80f000 	/usr/lib/libarchive.2.dylib
0x000000001f80f000 	/System/Library/Frameworks/CFNetwork.framework/Versions/A/CFNetwork
0x000000001f80f000 	/System/Library/Frameworks/SystemConfiguration.framework/Versions/A/SystemConfiguration
0x000000001f80f000 	/usr/lib/libCRFSuite.dylib
0x000000001f80f000 	/usr/lib/libc++.1.dylib
0x000000001f80f000 	/usr/lib/libc++abi.dylib
0x000000001f80f000 	/usr/lib/system/libcache.dylib
0x000000001f80f000 	/usr/lib/system/libcommonCrypto.dylib
0x000000001f80f000 	/usr/lib/system/libcompiler_rt.dylib
0x000000001f80f000 	/usr/lib/system/libcopyfile.dylib
0x000000001f80f000 	/usr/lib/system/libcorecrypto.dylib
0x000000001f80f000 	/usr/lib/system/libdispatch.dylib
0x000000001f80f000 	/usr/lib/system/libdyld.dylib
0x000000001f80f000 	/usr/lib/system/libkeymgr.dylib
0x000000001f80f000 	/usr/lib/system/liblaunch.dylib
0x000000001f80f000 	/usr/lib/system/libmacho.dylib
0x000000001f80f000 	/usr/lib/system/libquarantine.dylib
0x000000001f80f000 	/usr/lib/system/libremovefile.dylib
0x000000001f80f000 	/usr/lib/system/libsystem_asl.dylib
0x000000001f80f000 	/usr/lib/system/libsystem_blocks.dylib
0x000000001f80f000 	/usr/lib/system/libsystem_c.dylib
0x000000001f80f000 	/usr/lib/system/libsystem_configuration.dylib
0x000000001f80f000 	/usr/lib/system/libsystem_coreservices.dylib
0x000000001f80f000 	/usr/lib/system/libsystem_darwin.dylib
0x000000001f80f000 	/usr/lib/system/libsystem_dnssd.dylib
0x000000001f80f000 	/usr/lib/system/libsystem_info.dylib
0x000000001f80f000 	/usr/lib/system/libsystem_m.dylib
0x000000001f80f000 	/usr/lib/system/libsystem_malloc.dylib
0x000000001f80f000 	/usr/lib/system/libsystem_network.dylib
0x000000001f80f000 	/usr/lib/system/libsystem_networkextension.dylib
0x000000001f80f000 	/usr/lib/system/libsystem_notify.dylib
0x000000001f80f000 	/usr/lib/system/libsystem_sandbox.dylib
0x000000001f80f000 	/usr/lib/system/libsystem_secinit.dylib
0x000000001f80f000 	/usr/lib/system/libsystem_kernel.dylib
0x000000001f80f000 	/usr/lib/system/libsystem_platform.dylib
0x000000001f80f000 	/usr/lib/system/libsystem_pthread.dylib
0x000000001f80f000 	/usr/lib/system/libsystem_symptoms.dylib
0x000000001f80f000 	/usr/lib/system/libsystem_trace.dylib
0x000000001f80f000 	/usr/lib/system/libunwind.dylib
0x000000001f80f000 	/usr/lib/system/libxpc.dylib
0x000000001f80f000 	/usr/lib/closure/libclosured.dylib
0x000000001f80f000 	/usr/lib/libbsm.0.dylib
0x000000001f80f000 	/usr/lib/system/libkxld.dylib
0x000000001f80f000 	/usr/lib/libOpenScriptingUtil.dylib
0x000000001f80f000 	/usr/lib/libcoretls.dylib
0x000000001f80f000 	/usr/lib/libcoretls_cfhelpers.dylib
0x000000001f80f000 	/usr/lib/libpam.2.dylib
0x000000001f80f000 	/usr/lib/libsqlite3.dylib
0x000000001f80f000 	/usr/lib/libxar.1.dylib
0x000000001f80f000 	/usr/lib/libbz2.1.0.dylib
0x000000001f80f000 	/usr/lib/liblzma.5.dylib
0x000000001f80f000 	/usr/lib/libnetwork.dylib
0x000000001f80f000 	/usr/lib/libapple_nghttp2.dylib
0x000000001f80f000 	/usr/lib/libpcap.A.dylib
0x000000001f80f000 	/usr/lib/libboringssl.dylib
0x000000001f80f000 	/usr/lib/libusrtcp.dylib
0x000000001f80f000 	/usr/lib/libapple_crypto.dylib
0x000000001f80f000 	/System/Library/Frameworks/CoreServices.framework/Versions/A/Frameworks/FSEvents.framework/Versions/A/FSEvents
0x000000001f80f000 	/System/Library/Frameworks/CoreServices.framework/Versions/A/Frameworks/CarbonCore.framework/Versions/A/CarbonCore
0x000000001f80f000 	/System/Library/Frameworks/CoreServices.framework/Versions/A/Frameworks/Metadata.framework/Versions/A/Metadata
0x000000001f80f000 	/System/Library/Frameworks/CoreServices.framework/Versions/A/Frameworks/OSServices.framework/Versions/A/OSServices
0x000000001f80f000 	/System/Library/Frameworks/CoreServices.framework/Versions/A/Frameworks/SearchKit.framework/Versions/A/SearchKit
0x000000001f80f000 	/System/Library/Frameworks/CoreServices.framework/Versions/A/Frameworks/AE.framework/Versions/A/AE
0x000000001f80f000 	/System/Library/Frameworks/CoreServices.framework/Versions/A/Frameworks/LaunchServices.framework/Versions/A/LaunchServices
0x000000001f80f000 	/System/Library/Frameworks/CoreServices.framework/Versions/A/Frameworks/DictionaryServices.framework/Versions/A/DictionaryServices
0x000000001f80f000 	/System/Library/Frameworks/CoreServices.framework/Versions/A/Frameworks/SharedFileList.framework/Versions/A/SharedFileList
0x000000001f80f000 	/System/Library/Frameworks/NetFS.framework/Versions/A/NetFS
0x000000001f80f000 	/System/Library/PrivateFrameworks/NetAuth.framework/Versions/A/NetAuth
0x000000001f80f000 	/System/Library/PrivateFrameworks/login.framework/Versions/A/Frameworks/loginsupport.framework/Versions/A/loginsupport
0x000000001f80f000 	/System/Library/PrivateFrameworks/TCC.framework/Versions/A/TCC
0x000000001f80f000 	/usr/lib/libmecabra.dylib
0x000000001f80f000 	/System/Library/Frameworks/ApplicationServices.framework/Versions/A/Frameworks/ATS.framework/Versions/A/ATS
0x000000001f80f000 	/System/Library/Frameworks/ApplicationServices.framework/Versions/A/Frameworks/ColorSyncLegacy.framework/Versions/A/ColorSyncLegacy
0x000000001f80f000 	/System/Library/Frameworks/ApplicationServices.framework/Versions/A/Frameworks/HIServices.framework/Versions/A/HIServices
0x000000001f80f000 	/System/Library/Frameworks/ApplicationServices.framework/Versions/A/Frameworks/LangAnalysis.framework/Versions/A/LangAnalysis
0x000000001f80f000 	/System/Library/Frameworks/ApplicationServices.framework/Versions/A/Frameworks/PrintCore.framework/Versions/A/PrintCore
0x000000001f80f000 	/System/Library/Frameworks/ApplicationServices.framework/Versions/A/Frameworks/QD.framework/Versions/A/QD
0x000000001f80f000 	/System/Library/Frameworks/ApplicationServices.framework/Versions/A/Frameworks/SpeechSynthesis.framework/Versions/A/SpeechSynthesis
0x000000001f80f000 	/System/Library/Frameworks/CoreDisplay.framework/Versions/A/CoreDisplay
0x000000001f80f000 	/System/Library/Frameworks/Accelerate.framework/Versions/A/Frameworks/vImage.framework/Versions/A/vImage
0x000000001f80f000 	/System/Library/Frameworks/Accelerate.framework/Versions/A/Frameworks/vecLib.framework/Versions/A/vecLib
0x000000001f80f000 	/System/Library/Frameworks/Accelerate.framework/Versions/A/Frameworks/vecLib.framework/Versions/A/libvDSP.dylib
0x000000001f80f000 	/System/Library/Frameworks/Accelerate.framework/Versions/A/Frameworks/vecLib.framework/Versions/A/libBNNS.dylib
0x000000001f80f000 	/System/Library/Frameworks/Accelerate.framework/Versions/A/Frameworks/vecLib.framework/Versions/A/libQuadrature.dylib
0x000000001f80f000 	/System/Library/Frameworks/Accelerate.framework/Versions/A/Frameworks/vecLib.framework/Versions/A/libvMisc.dylib
0x000000001f80f000 	/System/Library/Frameworks/Accelerate.framework/Versions/A/Frameworks/vecLib.framework/Versions/A/libLAPACK.dylib
0x000000001f80f000 	/System/Library/Frameworks/Accelerate.framework/Versions/A/Frameworks/vecLib.framework/Versions/A/libBLAS.dylib
0x000000001f80f000 	/System/Library/Frameworks/Accelerate.framework/Versions/A/Frameworks/vecLib.framework/Versions/A/libLinearAlgebra.dylib
0x000000001f80f000 	/System/Library/Frameworks/Accelerate.framework/Versions/A/Frameworks/vecLib.framework/Versions/A/libSparse.dylib
0x000000001f80f000 	/System/Library/Frameworks/Accelerate.framework/Versions/A/Frameworks/vecLib.framework/Versions/A/libSparseBLAS.dylib
0x000000001f80f000 	/System/Library/PrivateFrameworks/IOAccelerator.framework/Versions/A/IOAccelerator
0x000000001f80f000 	/System/Library/PrivateFrameworks/IOPresentment.framework/Versions/A/IOPresentment
0x000000001f80f000 	/System/Library/PrivateFrameworks/DSExternalDisplay.framework/Versions/A/DSExternalDisplay
0x000000001f80f000 	/System/Library/Frameworks/OpenGL.framework/Versions/A/Libraries/libCoreFSCache.dylib
0x000000001f80f000 	/System/Library/Frameworks/CoreVideo.framework/Versions/A/CoreVideo
0x000000001f80f000 	/System/Library/PrivateFrameworks/GraphVisualizer.framework/Versions/A/GraphVisualizer
0x000000001f80f000 	/System/Library/Frameworks/MetalPerformanceShaders.framework/Versions/A/MetalPerformanceShaders
0x000000001f80f000 	/usr/lib/libFosl_dynamic.dylib
0x000000001f80f000 	/System/Library/PrivateFrameworks/FaceCore.framework/Versions/A/FaceCore
0x000000001f80f000 	/System/Library/Frameworks/OpenCL.framework/Versions/A/OpenCL
0x000000001f80f000 	/usr/lib/libcompression.dylib
0x000000001f80f000 	/System/Library/Frameworks/ApplicationServices.framework/Versions/A/Frameworks/ATS.framework/Versions/A/Resources/libFontParser.dylib
0x000000001f80f000 	/System/Library/Frameworks/ApplicationServices.framework/Versions/A/Frameworks/ATS.framework/Versions/A/Resources/libFontRegistry.dylib
0x000000001f80f000 	/System/Library/Frameworks/ImageIO.framework/Versions/A/Resources/libJPEG.dylib
0x000000001f80f000 	/System/Library/Frameworks/ImageIO.framework/Versions/A/Resources/libTIFF.dylib
0x000000001f80f000 	/System/Library/Frameworks/ImageIO.framework/Versions/A/Resources/libPng.dylib
0x000000001f80f000 	/System/Library/Frameworks/ImageIO.framework/Versions/A/Resources/libGIF.dylib
0x000000001f80f000 	/System/Library/Frameworks/ImageIO.framework/Versions/A/Resources/libJP2.dylib
0x000000001f80f000 	/System/Library/Frameworks/ImageIO.framework/Versions/A/Resources/libRadiance.dylib
0x000000001f80f000 	/System/Library/PrivateFrameworks/AppleJPEG.framework/Versions/A/AppleJPEG
0x000000001f80f000 	/System/Library/PrivateFrameworks/MetalTools.framework/Versions/A/MetalTools
0x000000001f80f000 	/System/Library/Frameworks/MetalPerformanceShaders.framework/Frameworks/MPSCore.framework/Versions/A/MPSCore
0x000000001f80f000 	/System/Library/Frameworks/MetalPerformanceShaders.framework/Frameworks/MPSImage.framework/Versions/A/MPSImage
0x000000001f80f000 	/System/Library/Frameworks/MetalPerformanceShaders.framework/Frameworks/MPSMatrix.framework/Versions/A/MPSMatrix
0x000000001f80f000 	/System/Library/Frameworks/MetalPerformanceShaders.framework/Frameworks/MPSNeuralNetwork.framework/Versions/A/MPSNeuralNetwork
0x000000001f80f000 	/System/Library/Frameworks/OpenGL.framework/Versions/A/Libraries/libGLU.dylib
0x000000001f80f000 	/System/Library/Frameworks/OpenGL.framework/Versions/A/Libraries/libGFXShared.dylib
0x000000001f80f000 	/System/Library/Frameworks/OpenGL.framework/Versions/A/Libraries/libGL.dylib
0x000000001f80f000 	/System/Library/Frameworks/OpenGL.framework/Versions/A/Libraries/libGLImage.dylib
0x000000001f80f000 	/System/Library/Frameworks/OpenGL.framework/Versions/A/Libraries/libCVMSPluginSupport.dylib
0x000000001f80f000 	/System/Library/Frameworks/OpenGL.framework/Versions/A/Libraries/libCoreVMClient.dylib
0x000000001f80f000 	/usr/lib/libcups.2.dylib
0x000000001f80f000 	/System/Library/Frameworks/Kerberos.framework/Versions/A/Kerberos
0x000000001f80f000 	/System/Library/Frameworks/GSS.framework/Versions/A/GSS
0x000000001f80f000 	/usr/lib/libresolv.9.dylib
0x000000001f80f000 	/usr/lib/libiconv.2.dylib
0x000000001f80f000 	/System/Library/PrivateFrameworks/Heimdal.framework/Versions/A/Heimdal
0x000000001f80f000 	/usr/lib/libheimdal-asn1.dylib
0x000000001f80f000 	/System/Library/Frameworks/OpenDirectory.framework/Versions/A/OpenDirectory
0x000000001f80f000 	/System/Library/PrivateFrameworks/CommonAuth.framework/Versions/A/CommonAuth
0x000000001f80f000 	/System/Library/Frameworks/OpenDirectory.framework/Versions/A/Frameworks/CFOpenDirectory.framework/Versions/A/CFOpenDirectory
0x000000001f80f000 	/System/Library/Frameworks/SecurityFoundation.framework/Versions/A/SecurityFoundation
0x000000001f80f000 	/System/Library/PrivateFrameworks/APFS.framework/Versions/A/APFS
0x000000001f80f000 	/usr/lib/libutil.dylib
0x000000001f80f000 	/System/Library/PrivateFrameworks/AppleSauce.framework/Versions/A/AppleSauce
0x000000001f80f000 	/System/Library/PrivateFrameworks/LinguisticData.framework/Versions/A/LinguisticData
0x000000001f80f000 	/usr/lib/libmarisa.dylib
0x000000001f80f000 	/System/Library/PrivateFrameworks/Lexicon.framework/Versions/A/Lexicon
0x000000001f80f000 	/usr/lib/libChineseTokenizer.dylib
0x000000001f80f000 	/usr/lib/libcmph.dylib
0x000000001f80f000 	/System/Library/PrivateFrameworks/LanguageModeling.framework/Versions/A/LanguageModeling
0x000000001f80f000 	/System/Library/PrivateFrameworks/CoreEmoji.framework/Versions/A/CoreEmoji
0x000000001f80f000 	/System/Library/Frameworks/ServiceManagement.framework/Versions/A/ServiceManagement
0x000000001f80f000 	/System/Library/PrivateFrameworks/BackgroundTaskManagement.framework/Versions/A/BackgroundTaskManagement
0x000000001f80f000 	/usr/lib/libxslt.1.dylib
0x000000001f80f000 	/System/Library/Frameworks/Carbon.framework/Versions/A/Frameworks/Ink.framework/Versions/A/Ink
0x000000001f80f000 	/System/Library/PrivateFrameworks/TextureIO.framework/Versions/A/TextureIO
0x000000001f80f000 	/usr/lib/libate.dylib
0x000000001f80f000 	/System/Library/PrivateFrameworks/CrashReporterSupport.framework/Versions/A/CrashReporterSupport
0x000000001f80f000 	/System/Library/PrivateFrameworks/Sharing.framework/Versions/A/Sharing
0x000000001f80f000 	/System/Library/PrivateFrameworks/IconServices.framework/Versions/A/IconServices
0x000000001f80f000 	/System/Library/PrivateFrameworks/ProtocolBuffer.framework/Versions/A/ProtocolBuffer
0x000000001f80f000 	/System/Library/PrivateFrameworks/Apple80211.framework/Versions/A/Apple80211
0x000000001f80f000 	/System/Library/Frameworks/CoreWLAN.framework/Versions/A/CoreWLAN
0x000000001f80f000 	/System/Library/PrivateFrameworks/CoreUtils.framework/Versions/A/CoreUtils
0x000000001f80f000 	/System/Library/Frameworks/IOBluetooth.framework/Versions/A/IOBluetooth
0x000000001f80f000 	/System/Library/PrivateFrameworks/CoreWiFi.framework/Versions/A/CoreWiFi
0x000000001f80f000 	/System/Library/Frameworks/CoreBluetooth.framework/Versions/A/CoreBluetooth
0x000000001f80f000 	/System/Library/PrivateFrameworks/SignpostNotification.framework/Versions/A/SignpostNotification
0x000000001f80f000 	/System/Library/PrivateFrameworks/DebugSymbols.framework/Versions/A/DebugSymbols
0x000000001f80f000 	/System/Library/PrivateFrameworks/CoreSymbolication.framework/Versions/A/CoreSymbolication
0x000000001f80f000 	/System/Library/PrivateFrameworks/Symbolication.framework/Versions/A/Symbolication
0x000000001f80f000 	/System/Library/PrivateFrameworks/AppleFSCompression.framework/Versions/A/AppleFSCompression
0x000000001f80f000 	/System/Library/PrivateFrameworks/SpeechRecognitionCore.framework/Versions/A/SpeechRecognitionCore
0x000000010b19d000 	/Library/Java/JavaVirtualMachines/jdk1.8.0_131.jdk/Contents/Home/jre/lib/server/libjvm.dylib
0x000000001f80f000 	/usr/lib/libstdc++.6.0.9.dylib
0x000000010a551000 	/Library/Java/JavaVirtualMachines/jdk1.8.0_131.jdk/Contents/Home/jre/lib/libverify.dylib
0x000000010a55f000 	/Library/Java/JavaVirtualMachines/jdk1.8.0_131.jdk/Contents/Home/jre/lib/libjava.dylib
0x000000010a5de000 	/Library/Java/JavaVirtualMachines/jdk1.8.0_131.jdk/Contents/Home/jre/lib/libzip.dylib
0x000000001f80f000 	/System/Library/Frameworks/JavaVM.framework/Versions/A/Frameworks/JavaRuntimeSupport.framework/Versions/A/JavaRuntimeSupport
0x000000001f80f000 	/System/Library/Frameworks/JavaVM.framework/Versions/A/Frameworks/JavaNativeFoundation.framework/Versions/A/JavaNativeFoundation
0x000000001f80f000 	/System/Library/Frameworks/JavaVM.framework/Versions/A/JavaVM
0x000000001f80f000 	/System/Library/Frameworks/Carbon.framework/Versions/A/Carbon
0x000000001f80f000 	/System/Library/PrivateFrameworks/JavaLaunching.framework/Versions/A/JavaLaunching
0x000000001f80f000 	/System/Library/Frameworks/Carbon.framework/Versions/A/Frameworks/CommonPanels.framework/Versions/A/CommonPanels
0x000000001f80f000 	/System/Library/Frameworks/Carbon.framework/Versions/A/Frameworks/Help.framework/Versions/A/Help
0x000000001f80f000 	/System/Library/Frameworks/Carbon.framework/Versions/A/Frameworks/ImageCapture.framework/Versions/A/ImageCapture
0x000000001f80f000 	/System/Library/Frameworks/Carbon.framework/Versions/A/Frameworks/OpenScripting.framework/Versions/A/OpenScripting
0x000000001f80f000 	/System/Library/Frameworks/Carbon.framework/Versions/A/Frameworks/Print.framework/Versions/A/Print
0x000000001f80f000 	/System/Library/Frameworks/Carbon.framework/Versions/A/Frameworks/SecurityHI.framework/Versions/A/SecurityHI
0x00000001231dd000 	/Library/Java/JavaVirtualMachines/jdk1.8.0_131.jdk/Contents/Home/jre/lib/libprism_es2.dylib
0x000000001f80f000 	/System/Library/PrivateFrameworks/CoreServicesInternal.framework/Versions/A/CoreServicesInternal
0x000000001f80f000 	/System/Library/Frameworks/OpenGL.framework/Versions/A/Resources/GLEngine.bundle/GLEngine
0x000000001f80f000 	/System/Library/Frameworks/OpenGL.framework/Versions/A/Libraries/libGLProgrammability.dylib
0x0000000123271000 	/System/Library/Extensions/AppleIntelBDWGraphicsGLDriver.bundle/Contents/MacOS/AppleIntelBDWGraphicsGLDriver
0x000000001f80f000 	/System/Library/PrivateFrameworks/GPUSupport.framework/Versions/A/Libraries/libGPUSupportMercury.dylib
0x000000001f80f000 	/System/Library/Frameworks/OpenGL.framework/Versions/A/Resources/GLRendererFloat.bundle/GLRendererFloat
0x000000001f80f000 	/System/Library/Frameworks/OpenCL.framework/Versions/A/Libraries/libcldcpuengine.dylib
0x000000001f80f000 	/usr/lib/libcrypto.35.dylib
0x000000001f80f000 	/System/Library/PrivateFrameworks/TrustEvaluationAgent.framework/Versions/A/TrustEvaluationAgent
0x0000000123db6000 	/Library/Java/JavaVirtualMachines/jdk1.8.0_131.jdk/Contents/Home/jre/lib/libglass.dylib
0x000000001f80f000 	/System/Library/CoreServices/RawCamera.bundle/Contents/MacOS/RawCamera
0x000000001f80f000 	/System/Library/PrivateFrameworks/MobileAsset.framework/Versions/A/MobileAsset
0x000000001f80f000 	/System/Library/PrivateFrameworks/StreamingZip.framework/Versions/A/StreamingZip
0x000000001f80f000 	/System/Library/Frameworks/MediaToolbox.framework/Versions/A/MediaToolbox
0x000000001f80f000 	/System/Library/PrivateFrameworks/CoreAVCHD.framework/Versions/A/CoreAVCHD
0x000000001f80f000 	/System/Library/Frameworks/MediaAccessibility.framework/Versions/A/MediaAccessibility
0x000000001f80f000 	/System/Library/PrivateFrameworks/Mangrove.framework/Versions/A/Mangrove
0x000000001f80f000 	/System/Library/Frameworks/CoreMedia.framework/Versions/A/CoreMedia
0x000000001f80f000 	/System/Library/Frameworks/VideoToolbox.framework/Versions/A/VideoToolbox
0x000000001f80f000 	/System/Library/PrivateFrameworks/CoreAUC.framework/Versions/A/CoreAUC
0x000000001f80f000 	/usr/lib/libspindump.dylib
0x000000001f80f000 	/usr/lib/libdscsym.dylib
0x000000001f80f000 	/System/Library/PrivateFrameworks/AppleVA.framework/Versions/A/AppleVA
0x000000001f80f000 	/System/Library/Frameworks/Accelerate.framework/Versions/A/Frameworks/vImage.framework/Versions/A/Libraries/libCGInterfaces.dylib
0x000000001f80f000 	/System/Library/PrivateFrameworks/FamilyControls.framework/Versions/A/FamilyControls
0x000000001f80f000 	/System/Library/PrivateFrameworks/CommerceKit.framework/Versions/A/Frameworks/CommerceCore.framework/Versions/A/CommerceCore
0x000000001f80f000 	/System/Library/PrivateFrameworks/SystemAdministration.framework/Versions/A/SystemAdministration
0x000000001f80f000 	/System/Library/PrivateFrameworks/AppContainer.framework/Versions/A/AppContainer
0x000000001f80f000 	/System/Library/PrivateFrameworks/SecCodeWrapper.framework/Versions/A/SecCodeWrapper
0x000000001f80f000 	/System/Library/PrivateFrameworks/DiskManagement.framework/Versions/A/DiskManagement
0x000000001f80f000 	/System/Library/Frameworks/DirectoryService.framework/Versions/A/DirectoryService
0x000000001f80f000 	/System/Library/PrivateFrameworks/DiskImages.framework/Versions/A/DiskImages
0x000000001f80f000 	/System/Library/PrivateFrameworks/LoginUIKit.framework/Versions/A/Frameworks/LoginUICore.framework/Versions/A/LoginUICore
0x000000001f80f000 	/usr/lib/libCoreStorage.dylib
0x000000001f80f000 	/usr/lib/libcsfde.dylib
0x000000001f80f000 	/usr/lib/libodfde.dylib
0x000000001f80f000 	/System/Library/PrivateFrameworks/MediaKit.framework/Versions/A/MediaKit
0x000000001f80f000 	/System/Library/Frameworks/DiscRecording.framework/Versions/A/DiscRecording
0x000000001f80f000 	/System/Library/PrivateFrameworks/EFILogin.framework/Versions/A/EFILogin
0x000000001f80f000 	/System/Library/PrivateFrameworks/ProtectedCloudStorage.framework/Versions/A/ProtectedCloudStorage
0x000000001f80f000 	/usr/lib/libcurl.4.dylib
0x000000001f80f000 	/usr/lib/libssl.35.dylib
0x000000001f80f000 	/System/Library/Frameworks/LDAP.framework/Versions/A/LDAP
0x000000001f80f000 	/usr/lib/libsasl2.2.dylib
0x000000001f80f000 	/System/Library/PrivateFrameworks/CoreDaemon.framework/Versions/B/CoreDaemon
0x000000001f80f000 	/System/Library/PrivateFrameworks/AppleSRP.framework/Versions/A/AppleSRP
0x0000000125cb5000 	/Users/Apple/opencv/my_build/lib/libopencv_java331.dylib
0x0000000125e37000 	/Users/Apple/opencv/my_build/lib/libopencv_img_hash.3.3.dylib
0x0000000125e50000 	/Users/Apple/opencv/my_build/lib/libopencv_bioinspired.3.3.dylib
0x0000000125ea3000 	/Users/Apple/opencv/my_build/lib/libopencv_structured_light.3.3.dylib
0x0000000125ebf000 	/Users/Apple/opencv/my_build/lib/libopencv_xfeatures2d.3.3.dylib
0x00000001261b8000 	/Users/Apple/opencv/my_build/lib/libopencv_aruco.3.3.dylib
0x000000012621a000 	/Users/Apple/opencv/my_build/lib/libopencv_face.3.3.dylib
0x00000001262d6000 	/Users/Apple/opencv/my_build/lib/libopencv_phase_unwrapping.3.3.dylib
0x00000001262e1000 	/Users/Apple/opencv/my_build/lib/libopencv_shape.3.3.dylib
0x0000000126318000 	/Users/Apple/opencv/my_build/lib/libopencv_calib3d.3.3.dylib
0x00000001264f0000 	/Users/Apple/opencv/my_build/lib/libopencv_objdetect.3.3.dylib
0x0000000126566000 	/Users/Apple/opencv/my_build/lib/libopencv_photo.3.3.dylib
0x000000012664b000 	/Users/Apple/opencv/my_build/lib/libopencv_tracking.3.3.dylib
0x000000012685b000 	/Users/Apple/opencv/my_build/lib/libopencv_plot.3.3.dylib
0x0000000126866000 	/Users/Apple/opencv/my_build/lib/libopencv_video.3.3.dylib
0x00000001268d7000 	/Users/Apple/opencv/my_build/lib/libopencv_datasets.3.3.dylib
0x000000012693e000 	/Users/Apple/opencv/my_build/lib/libopencv_text.3.3.dylib
0x0000000126a8b000 	/Users/Apple/opencv/my_build/lib/libopencv_ml.3.3.dylib
0x0000000126b4c000 	/Users/Apple/opencv/my_build/lib/libopencv_dnn.3.3.dylib
0x0000000126f24000 	/Users/Apple/opencv/my_build/lib/libopencv_features2d.3.3.dylib
0x0000000126ff7000 	/Users/Apple/opencv/my_build/lib/libopencv_flann.3.3.dylib
0x0000000127069000 	/Users/Apple/opencv/my_build/lib/libopencv_highgui.3.3.dylib
0x000000012707f000 	/Users/Apple/opencv/my_build/lib/libopencv_videoio.3.3.dylib
0x00000001270a8000 	/Users/Apple/opencv/my_build/lib/libopencv_imgcodecs.3.3.dylib
0x0000000127384000 	/Users/Apple/opencv/my_build/lib/libopencv_imgproc.3.3.dylib
0x0000000129e77000 	/Users/Apple/opencv/my_build/lib/libopencv_core.3.3.dylib
0x000000001f80f000 	/System/Library/Frameworks/AVFoundation.framework/Versions/A/AVFoundation
0x000000001f80f000 	/System/Library/Frameworks/AVFoundation.framework/Versions/A/Frameworks/AVFAudio.framework/Versions/A/AVFAudio
0x000000001f80f000 	/System/Library/PrivateFrameworks/IntlPreferences.framework/Versions/A/IntlPreferences
0x000000001f80f000 	/System/Library/Frameworks/CoreMediaIO.framework/Versions/A/CoreMediaIO
0x000000001f80f000 	/System/Library/PrivateFrameworks/RemoteServiceDiscovery.framework/Versions/A/RemoteServiceDiscovery
0x000000001f80f000 	/System/Library/PrivateFrameworks/RemoteXPC.framework/Versions/A/RemoteXPC
0x000000001f80f000 	/System/Library/PrivateFrameworks/MultiverseSupport.framework/Versions/A/MultiverseSupport
0x000000001f80f000 	/System/Library/PrivateFrameworks/InternationalSupport.framework/Versions/A/InternationalSupport
0x000000012ae28000 	/Library/Java/JavaVirtualMachines/jdk1.8.0_131.jdk/Contents/Home/jre/lib/libnet.dylib
0x000000012b282000 	/Library/Java/JavaVirtualMachines/jdk1.8.0_131.jdk/Contents/Home/jre/lib/libjavafx_font.dylib
0x000000001f80f000 	/System/Library/Frameworks/ApplicationServices.framework/Versions/A/Frameworks/ATS.framework/Versions/A/Resources/libTrueTypeScaler.dylib
0x000000001f80f000 	/System/Library/Extensions/AppleIntelBDWGraphicsMTLDriver.bundle/Contents/MacOS/AppleIntelBDWGraphicsMTLDriver
0x000000001f80f000 	/System/Library/PrivateFrameworks/GPUCompiler.framework/Versions/3802/Libraries/libmetal_timestamp.dylib
0x000000012ef45000 	/Library/Java/JavaVirtualMachines/jdk1.8.0_131.jdk/Contents/Home/jre/lib/libprism_common.dylib
0x000000001f80f000 	/System/Library/PrivateFrameworks/ViewBridge.framework/Versions/A/ViewBridge
0x000000012439f000 	/System/Library/Extensions/AppleHDA.kext/Contents/PlugIns/AppleHDAHALPlugIn.bundle/Contents/MacOS/AppleHDAHALPlugIn
0x00000001243a9000 	/Library/CoreMediaIO/Plug-Ins/DAL/AppleCamera.plugin/Contents/MacOS/AppleCamera
0x00000001243d4000 	/System/Library/Frameworks/CoreMediaIO.framework/Resources/VDC.plugin/Contents/MacOS/VDC
0x000000012c5c5000 	/System/Library/Frameworks/CoreMediaIO.framework/Resources/CMIOUnits.bundle/Contents/MacOS/CMIOUnits
0x000000001f80f000 	/System/Library/PrivateFrameworks/FWAVC.framework/Versions/A/FWAVC
0x000000001f80f000 	/System/Library/PrivateFrameworks/AppleGVA.framework/Versions/A/AppleGVA
0x000000012c205000 	/Library/Java/JavaVirtualMachines/jdk1.8.0_131.jdk/Contents/Home/jre/lib/libawt.dylib
0x000000013441f000 	/Library/Java/JavaVirtualMachines/jdk1.8.0_131.jdk/Contents/Home/jre/lib/./libmlib_image.dylib
0x0000000136d6f000 	/Library/Java/JavaVirtualMachines/jdk1.8.0_131.jdk/Contents/Home/jre/lib/libawt_lwawt.dylib
0x0000000124c8f000 	/Library/Java/JavaVirtualMachines/jdk1.8.0_131.jdk/Contents/Home/jre/lib/./libosxapp.dylib
0x000000001f80f000 	/System/Library/Frameworks/ExceptionHandling.framework/Versions/A/ExceptionHandling
0x000000013c651000 	/Users/Apple/.javacpp/cache/opencv-macosx-x86_64.jar/org/bytedeco/javacpp/macosx-x86_64/libopencv_core.3.2.dylib
0x0000000125c26000 	/Library/Java/JavaVirtualMachines/jdk1.8.0_131.jdk/Contents/Home/jre/lib/libnio.dylib
0x000000013c8fc000 	/Users/Apple/.javacpp/cache/opencv-macosx-x86_64.jar/org/bytedeco/javacpp/macosx-x86_64/libopencv_imgproc.3.2.dylib
0x000000013cc66000 	/Users/Apple/.javacpp/cache/opencv-macosx-x86_64.jar/org/bytedeco/javacpp/macosx-x86_64/libjniopencv_core.dylib
0x000000013c2fe000 	/Users/Apple/.javacpp/cache/opencv-macosx-x86_64.jar/org/bytedeco/javacpp/macosx-x86_64/libjniopencv_imgproc.dylib
0x000000013cefc000 	/Users/Apple/.javacpp/cache/opencv-macosx-x86_64.jar/org/bytedeco/javacpp/macosx-x86_64/libopencv_imgcodecs.3.2.dylib
0x0000000125c36000 	/Users/Apple/.javacpp/cache/opencv-macosx-x86_64.jar/org/bytedeco/javacpp/macosx-x86_64/libjniopencv_imgcodecs.dylib
0x0000000125c5c000 	/Users/Apple/.javacpp/cache/opencv-macosx-x86_64.jar/org/bytedeco/javacpp/macosx-x86_64/libopencv_videoio.3.2.dylib
0x000000012b568000 	/Users/Apple/.javacpp/cache/opencv-macosx-x86_64.jar/org/bytedeco/javacpp/macosx-x86_64/libjniopencv_videoio.dylib
0x000000012b57e000 	/Users/Apple/.javacpp/cache/opencv-macosx-x86_64.jar/org/bytedeco/javacpp/macosx-x86_64/libopencv_highgui.3.2.dylib
0x000000012c2ad000 	/Users/Apple/.javacpp/cache/opencv-macosx-x86_64.jar/org/bytedeco/javacpp/macosx-x86_64/libjniopencv_highgui.dylib
0x000000013ddfe000 	/Users/Apple/.javacpp/cache/opencv-macosx-x86_64.jar/org/bytedeco/javacpp/macosx-x86_64/libopencv_ml.3.2.dylib
0x000000012c2eb000 	/Users/Apple/.javacpp/cache/opencv-macosx-x86_64.jar/org/bytedeco/javacpp/macosx-x86_64/libjniopencv_ml.dylib
0x000000012c4a0000 	/Users/Apple/.javacpp/cache/opencv-macosx-x86_64.jar/org/bytedeco/javacpp/macosx-x86_64/libopencv_objdetect.3.2.dylib
0x00000001384db000 	/Users/Apple/.javacpp/cache/opencv-macosx-x86_64.jar/org/bytedeco/javacpp/macosx-x86_64/libjniopencv_objdetect.dylib
0x000000012c331000 	/Users/Apple/.javacpp/cache/opencv-macosx-x86_64.jar/org/bytedeco/javacpp/macosx-x86_64/libopencv_face.3.2.dylib
0x000000012b58f000 	/Users/Apple/.javacpp/cache/opencv-macosx-x86_64.jar/org/bytedeco/javacpp/macosx-x86_64/libjniopencv_face.dylib

VM Arguments:
jvm_args: -Dfile.encoding=UTF-8 -Djava.library.path=/Users/Apple/opencv/my_build/lib 
java_command: /Users/Apple/NetBeansProjects/ReceptionAssistant/dist/run709666307/ReceptionAssistant.jar
java_class_path (initial): /Users/Apple/NetBeansProjects/ReceptionAssistant/dist/run709666307/ReceptionAssistant.jar
Launcher Type: SUN_STANDARD

Environment Variables:
PATH=/usr/bin:/bin:/usr/sbin:/sbin
LD_LIBRARY_PATH=/Library/Java/JavaVirtualMachines/jdk1.8.0_131.jdk/Contents/Home/jre/lib/amd64:/Library/Java/JavaVirtualMachines/jdk1.8.0_131.jdk/Contents/Home/jre/lib/i386:
SHELL=/bin/bash
DISPLAY=/private/tmp/com.apple.launchd.Gh56wN0rB4/org.macosforge.xquartz:0

Signal Handlers:
SIGSEGV: [libjvm.dylib+0x5b1eb1], sa_mask[0]=11111111011111110111111111111111, sa_flags=SA_ONSTACK|SA_RESTART|SA_SIGINFO
SIGBUS: [libjvm.dylib+0x5b1eb1], sa_mask[0]=11111111011111110111111111111111, sa_flags=SA_RESTART|SA_SIGINFO
SIGFPE: [libjvm.dylib+0x488988], sa_mask[0]=11111111011111110111111111111111, sa_flags=SA_RESTART|SA_SIGINFO
SIGPIPE: [libjvm.dylib+0x488988], sa_mask[0]=11111111011111110111111111111111, sa_flags=SA_RESTART|SA_SIGINFO
SIGXFSZ: [libjvm.dylib+0x488988], sa_mask[0]=11111111011111110111111111111111, sa_flags=SA_RESTART|SA_SIGINFO
SIGILL: [libjvm.dylib+0x488988], sa_mask[0]=11111111011111110111111111111111, sa_flags=SA_RESTART|SA_SIGINFO
SIGUSR1: SIG_DFL, sa_mask[0]=00000000000000000000000000000000, sa_flags=none
SIGUSR2: [libjvm.dylib+0x4884a6], sa_mask[0]=00100000000000000000000000000000, sa_flags=SA_RESTART|SA_SIGINFO
SIGHUP: [libjvm.dylib+0x486a7d], sa_mask[0]=11111111011111110111111111111111, sa_flags=SA_RESTART|SA_SIGINFO
SIGINT: SIG_IGN, sa_mask[0]=00000000000000000000000000000000, sa_flags=none
SIGTERM: [libjvm.dylib+0x486a7d], sa_mask[0]=11111111011111110111111111111111, sa_flags=SA_RESTART|SA_SIGINFO
SIGQUIT: [libjvm.dylib+0x486a7d], sa_mask[0]=11111111011111110111111111111111, sa_flags=SA_RESTART|SA_SIGINFO


---------------  S Y S T E M  ---------------

OS:Bsduname:Darwin 17.2.0 Darwin Kernel Version 17.2.0: Fri Sep 29 18:27:05 PDT 2017; root:xnu-4570.20.62~3/RELEASE_X86_64 x86_64
rlimit: STACK 8192k, CORE 0k, NPROC 709, NOFILE 10240, AS infinity
load average:4.75 2.75 2.27

CPU:total 4 (initial active 4) (2 cores per cpu, 2 threads per core) family 6 model 61 stepping 4, cmov, cx8, fxsr, mmx, sse, sse2, sse3, ssse3, sse4.1, sse4.2, popcnt, avx, avx2, aes, clmul, erms, 3dnowpref, lzcnt, ht, tsc, tscinvbit, bmi1, bmi2, adx

Memory: 4k page, physical 8388608k(222976k free)

/proc/meminfo:


vm_info: Java HotSpot(TM) 64-Bit Server VM (25.131-b11) for bsd-amd64 JRE (1.8.0_131-b11), built on Mar 15 2017 01:32:22 by "java_re" with gcc 4.2.1 (Based on Apple Inc. build 5658) (LLVM build 2336.11.00)

time: Tue Nov 28 23:45:31 2017
elapsed time: 27 seconds (0d 0h 0m 27s)

