#
# A fatal error has been detected by the Java Runtime Environment:
#
#  SIGSEGV (0xb) at pc=0x00007fff5e24be9d, pid=14294, tid=0x000000000001510b
#
# JRE version: Java(TM) SE Runtime Environment (8.0_131-b11) (build 1.8.0_131-b11)
# Java VM: Java HotSpot(TM) 64-Bit Server VM (25.131-b11 mixed mode bsd-amd64 compressed oops)
# Problematic frame:
# C  [libobjc.A.dylib+0x6e9d]  objc_msgSend+0x1d
#
# Failed to write core dump. Core dumps have been disabled. To enable core dumping, try "ulimit -c unlimited" before starting Java again
#
# If you would like to submit a bug report, please visit:
#   http://bugreport.java.com/bugreport/crash.jsp
# The crash happened outside the Java Virtual Machine in native code.
# See problematic frame for where to report the bug.
#

---------------  T H R E A D  ---------------

Current thread (0x00007fb17b050800):  JavaThread "pool-2-thread-1" [_thread_in_native, id=86283, stack(0x0000700007948000,0x0000700007a48000)]

siginfo: si_signo: 11 (SIGSEGV), si_code: 1 (SEGV_MAPERR), si_addr: 0x0000000000000018

Registers:
RAX=0x0000000000000000, RBX=0x00007fb17f0b1c70, RCX=0x0000000000000000, RDX=0x0000000000000000
RSP=0x0000700007a47338, RBP=0x0000700007a47360, RSI=0x00007fff35b1870a, RDI=0x000007fb17f0da1f
R8 =0x0000000000000000, R9 =0x00007fb17f0b1e38, R10=0x0000000000000000, R11=0x00007fff35b1870a
R12=0x0000000000000010, R13=0x00000001309b4658, R14=0x0000000000000000, R15=0x0000000000000008
RIP=0x00007fff5e24be9d, EFLAGS=0x0000000000010202, ERR=0x0000000000000004
  TRAPNO=0x000000000000000e

Top of Stack: (sp=0x0000700007a47338)
0x0000700007a47338:   000000012ad60a13 00007fff5e24be80
0x0000700007a47348:   0000000000000000 00007fb17af223c0
0x0000700007a47358:   00007fb17f0d1860 0000700007a47390
0x0000700007a47368:   000000012ad5ff8b 000000012ad67880
0x0000700007a47378:   00007fb17ace99a0 0000700007a47400
0x0000700007a47388:   00007fb17b050800 0000700007a473c0
0x0000700007a47398:   000000012ad532ee 0000000000000000
0x0000700007a473a8:   0000000000000000 0000700000000000
0x0000700007a473b8:   00007fb17ace99a0 0000700007a473f0
0x0000700007a473c8:   000000012ad5371a 0000000000000000
0x0000700007a473d8:   0000000000000000 00007fb17b0509f8
0x0000700007a473e8:   0000700007a474e0 0000700007a47430
0x0000700007a473f8:   0000000129a08921 0000700002010000
0x0000700007a47408:   00007fb17adda200 0000000000000000
0x0000700007a47418:   0000000000000060 00000001309b4658
0x0000700007a47428:   0000700007a474e0 0000700007a474a8
0x0000700007a47438:   00000001154709f4 00000007a407f8c0
0x0000700007a47448:   0000000000000060 0000000000000001
0x0000700007a47458:   0000700007a474e8 0000000000384000
0x0000700007a47468:   0000700007a47468 0000000000000000
0x0000700007a47478:   0000700007a474e0 00000001309b7d80
0x0000700007a47488:   0000000000000000 00000001309b4658
0x0000700007a47498:   0000000000000000 0000700007a474c8
0x0000700007a474a8:   0000700007a47528 0000000115460a90
0x0000700007a474b8:   0000000740d37018 000000011546a520
0x0000700007a474c8:   00007fb17adda200 0000000740d37018
0x0000700007a474d8:   00007fb17ace99a0 00007fb17ace99a0
0x0000700007a474e8:   0000700007a474e8 00000001309b3b30
0x0000700007a474f8:   0000700007a47548 00000001309b7d80
0x0000700007a47508:   0000000000000000 00000001309b3b68
0x0000700007a47518:   0000700007a474c8 0000700007a47540
0x0000700007a47528:   0000700007a47590 0000000115460a90 

Instructions: (pc=0x00007fff5e24be9d)
0x00007fff5e24be7d:   0f 1f 00 48 85 ff 2e 74 62 40 f6 c7 01 2e 75 66
0x00007fff5e24be8d:   49 ba f8 ff ff ff ff 7f 00 00 4c 23 17 49 89 f3
0x00007fff5e24be9d:   45 23 5a 18 49 c1 e3 04 4d 03 5a 10 49 3b 33 75
0x00007fff5e24bead:   04 41 ff 63 08 49 83 3b 01 76 0d 49 83 c3 10 49 

Register to memory mapping:

RAX=0x0000000000000000 is an unknown value
RBX=0x00007fb17f0b1c70 is an unknown value
RCX=0x0000000000000000 is an unknown value
RDX=0x0000000000000000 is an unknown value
RSP=0x0000700007a47338 is pointing into the stack for thread: 0x00007fb17b050800
RBP=0x0000700007a47360 is pointing into the stack for thread: 0x00007fb17b050800
RSI=0x00007fff35b1870a: .str.41.llvm.FE30BCA4+0x415b9 in /System/Library/Frameworks/AppKit.framework/Versions/C/AppKit at 0x00007fff34e43000
RDI=0x000007fb17f0da1f is an unknown value
R8 =0x0000000000000000 is an unknown value
R9 =0x00007fb17f0b1e38 is an unknown value
R10=0x0000000000000000 is an unknown value
R11=0x00007fff35b1870a: .str.41.llvm.FE30BCA4+0x415b9 in /System/Library/Frameworks/AppKit.framework/Versions/C/AppKit at 0x00007fff34e43000
R12=0x0000000000000010 is an unknown value
R13={method} {0x00000001309b4658} 'read_0' '(JJ)Z' in 'org/opencv/videoio/VideoCapture'
R14=0x0000000000000000 is an unknown value
R15=0x0000000000000008 is an unknown value


Stack: [0x0000700007948000,0x0000700007a48000],  sp=0x0000700007a47338,  free space=1020k
Native frames: (J=compiled Java code, j=interpreted, Vv=VM code, C=native code)
C  [libobjc.A.dylib+0x6e9d]  objc_msgSend+0x1d
C  [libopencv_videoio.3.3.dylib+0x13f8b]  _ZN12CvCaptureCAM9grabFrameEv+0x5b
C  [libopencv_videoio.3.3.dylib+0x72ee]  _ZN2cv12VideoCapture4grabEv+0x3e
C  [libopencv_videoio.3.3.dylib+0x771a]  _ZN2cv12VideoCapture4readERKNS_12_OutputArrayE+0x2a
C  [libopencv_java331.dylib+0x86921]  Java_org_opencv_videoio_VideoCapture_read_10+0x31
j  org.opencv.videoio.VideoCapture.read_0(JJ)Z+0
j  org.opencv.videoio.VideoCapture.read(Lorg/opencv/core/Mat;)Z+8
j  FaceRecognition.FaceRecognitionController.grabFrame()Lorg/opencv/core/Mat;+23
j  FaceRecognition.FaceRecognitionController.access$000(LFaceRecognition/FaceRecognitionController;)Lorg/opencv/core/Mat;+1
j  FaceRecognition.FaceRecognitionController$1.run()V+4
j  java.util.concurrent.Executors$RunnableAdapter.call()Ljava/lang/Object;+4
J 2237 C1 java.util.concurrent.FutureTask.runAndReset()Z (128 bytes) @ 0x0000000115ab26ec [0x0000000115ab2480+0x26c]
j  java.util.concurrent.ScheduledThreadPoolExecutor$ScheduledFutureTask.access$301(Ljava/util/concurrent/ScheduledThreadPoolExecutor$ScheduledFutureTask;)Z+1
j  java.util.concurrent.ScheduledThreadPoolExecutor$ScheduledFutureTask.run()V+37
j  java.util.concurrent.ThreadPoolExecutor.runWorker(Ljava/util/concurrent/ThreadPoolExecutor$Worker;)V+95
j  java.util.concurrent.ThreadPoolExecutor$Worker.run()V+5
j  java.lang.Thread.run()V+11
v  ~StubRoutines::call_stub
V  [libjvm.dylib+0x2ee5b6]
V  [libjvm.dylib+0x2eed5a]
V  [libjvm.dylib+0x2eef06]
V  [libjvm.dylib+0x34965d]
V  [libjvm.dylib+0x56b87f]
V  [libjvm.dylib+0x56cf6c]
V  [libjvm.dylib+0x48b376]
C  [libsystem_pthread.dylib+0x36c1]  _pthread_body+0x154
C  [libsystem_pthread.dylib+0x356d]  _pthread_body+0x0
C  [libsystem_pthread.dylib+0x2c5d]  thread_start+0xd
C  0x0000000000000000

Java frames: (J=compiled Java code, j=interpreted, Vv=VM code)
j  org.opencv.videoio.VideoCapture.read_0(JJ)Z+0
j  org.opencv.videoio.VideoCapture.read(Lorg/opencv/core/Mat;)Z+8
j  FaceRecognition.FaceRecognitionController.grabFrame()Lorg/opencv/core/Mat;+23
j  FaceRecognition.FaceRecognitionController.access$000(LFaceRecognition/FaceRecognitionController;)Lorg/opencv/core/Mat;+1
j  FaceRecognition.FaceRecognitionController$1.run()V+4
j  java.util.concurrent.Executors$RunnableAdapter.call()Ljava/lang/Object;+4
J 2237 C1 java.util.concurrent.FutureTask.runAndReset()Z (128 bytes) @ 0x0000000115ab26ec [0x0000000115ab2480+0x26c]
j  java.util.concurrent.ScheduledThreadPoolExecutor$ScheduledFutureTask.access$301(Ljava/util/concurrent/ScheduledThreadPoolExecutor$ScheduledFutureTask;)Z+1
j  java.util.concurrent.ScheduledThreadPoolExecutor$ScheduledFutureTask.run()V+37
j  java.util.concurrent.ThreadPoolExecutor.runWorker(Ljava/util/concurrent/ThreadPoolExecutor$Worker;)V+95
j  java.util.concurrent.ThreadPoolExecutor$Worker.run()V+5
j  java.lang.Thread.run()V+11
v  ~StubRoutines::call_stub

---------------  P R O C E S S  ---------------

Java Threads: ( => current thread )
  0x00007fb17ca46800 JavaThread "JavaCPP Deallocator" daemon [_thread_blocked, id=91459, stack(0x0000700007e5a000,0x0000700007f5a000)]
  0x00007fb17c183800 JavaThread "Java2D Disposer" daemon [_thread_blocked, id=90387, stack(0x0000700007d57000,0x0000700007e57000)]
  0x00007fb17b878000 JavaThread "Java2D Queue Flusher" daemon [_thread_blocked, id=90635, stack(0x0000700007c54000,0x0000700007d54000)]
  0x00007fb17b875000 JavaThread "Timer-0" [_thread_in_native, id=86531, stack(0x0000700007a4b000,0x0000700007b4b000)]
=>0x00007fb17b050800 JavaThread "pool-2-thread-1" [_thread_in_native, id=86283, stack(0x0000700007948000,0x0000700007a48000)]
  0x00007fb17baa7800 JavaThread "Prism Font Disposer" daemon [_thread_blocked, id=59627, stack(0x0000700007639000,0x0000700007739000)]
  0x00007fb17c207000 JavaThread "Abandoned connection cleanup thread" daemon [_thread_blocked, id=50439, stack(0x0000700007536000,0x0000700007636000)]
  0x00007fb17b0fc000 JavaThread "JavaFX-Launcher" [_thread_blocked, id=53251, stack(0x0000700007433000,0x0000700007533000)]
  0x00007fb17b921800 JavaThread "Thread-3" daemon [_thread_in_native, id=38147, stack(0x00007000072aa000,0x000070000732a000)]
  0x00007fb17c1a6800 JavaThread "JavaFX Application Thread" [_thread_in_native, id=775, stack(0x00007ffee1221000,0x00007ffee1a21000)]
  0x00007fb17c1a5800 JavaThread "Thread-1" daemon [_thread_blocked, id=26115, stack(0x00007000071a7000,0x00007000072a7000)]
  0x00007fb17b01d000 JavaThread "QuantumRenderer-0" daemon [_thread_blocked, id=19459, stack(0x00007000070a4000,0x00007000071a4000)]
  0x00007fb17c092800 JavaThread "Service Thread" daemon [_thread_blocked, id=18435, stack(0x0000700006e9e000,0x0000700006f9e000)]
  0x00007fb17c091800 JavaThread "C1 CompilerThread2" daemon [_thread_blocked, id=17923, stack(0x0000700006d9b000,0x0000700006e9b000)]
  0x00007fb17c805000 JavaThread "C2 CompilerThread1" daemon [_thread_blocked, id=17411, stack(0x0000700006c98000,0x0000700006d98000)]
  0x00007fb17c806800 JavaThread "C2 CompilerThread0" daemon [_thread_blocked, id=16899, stack(0x0000700006b95000,0x0000700006c95000)]
  0x00007fb17c063800 JavaThread "Signal Dispatcher" daemon [_thread_blocked, id=16391, stack(0x0000700006a92000,0x0000700006b92000)]
  0x00007fb17c803800 JavaThread "Finalizer" daemon [_thread_blocked, id=13059, stack(0x000070000698f000,0x0000700006a8f000)]
  0x00007fb17b803000 JavaThread "Reference Handler" daemon [_thread_blocked, id=12547, stack(0x000070000688c000,0x000070000698c000)]
  0x00007fb17c002800 JavaThread "main" [_thread_blocked, id=6915, stack(0x000070000627a000,0x000070000637a000)]

Other Threads:
  0x00007fb17c05e800 VMThread [stack: 0x0000700006789000,0x0000700006889000] [id=12035]
  0x00007fb17c06c000 WatcherThread [stack: 0x0000700006fa1000,0x00007000070a1000] [id=18947]

VM state:not at safepoint (normal execution)

VM Mutex/Monitor currently owned by a thread: None

Heap:
 PSYoungGen      total 496640K, used 264893K [0x0000000795580000, 0x00000007bfc80000, 0x00000007c0000000)
  eden space 472576K, 52% used [0x0000000795580000,0x00000007a49ef6e0,0x00000007b2300000)
  from space 24064K, 60% used [0x00000007b2300000,0x00000007b3140040,0x00000007b3a80000)
  to   space 24576K, 0% used [0x00000007be480000,0x00000007be480000,0x00000007bfc80000)
 ParOldGen       total 73216K, used 25127K [0x0000000740000000, 0x0000000744780000, 0x0000000795580000)
  object space 73216K, 34% used [0x0000000740000000,0x0000000741889cc0,0x0000000744780000)
 Metaspace       used 23058K, capacity 23744K, committed 24064K, reserved 1071104K
  class space    used 2842K, capacity 3019K, committed 3072K, reserved 1048576K

Card table byte_map: [0x000000010ff63000,0x0000000110364000] byte_map_base: 0x000000010c563000

Marking Bits: (ParMarkBitMap*) 0x000000010f4f1ea0
 Begin Bits: [0x000000011060f000, 0x000000011260f000)
 End Bits:   [0x000000011260f000, 0x000000011460f000)

Polling page: 0x000000010e28d000

CodeCache: size=245760Kb used=7163Kb max_used=7163Kb free=238596Kb
 bounds [0x0000000115459000, 0x0000000115b69000, 0x0000000124459000]
 total_blobs=3434 nmethods=2427 adapters=919
 compilation: enabled

Compilation events (10 events):
Event: 23.607 Thread 0x00007fb17c091800 2446       3       javafx.stage.Window::buildEventDispatchChain (32 bytes)
Event: 23.608 Thread 0x00007fb17c091800 nmethod 2446 0x0000000115b59290 code [0x0000000115b59420, 0x0000000115b59858]
Event: 23.608 Thread 0x00007fb17c091800 2447       3       com.sun.javafx.event.EventRedirector::dispatchCapturingEvent (52 bytes)
Event: 23.608 Thread 0x00007fb17c091800 nmethod 2447 0x0000000115b599d0 code [0x0000000115b59b80, 0x0000000115b5a1d8]
Event: 23.611 Thread 0x00007fb17c091800 2448       3       javafx.scene.Scene$MouseHandler::clearPDREventTargets (46 bytes)
Event: 23.612 Thread 0x00007fb17c091800 nmethod 2448 0x0000000115b5a3d0 code [0x0000000115b5a580, 0x0000000115b5aaf8]
Event: 23.621 Thread 0x00007fb17c091800 2449       3       java.util.EnumMap::get (29 bytes)
Event: 23.621 Thread 0x00007fb17c091800 nmethod 2449 0x0000000115b5ac90 code [0x0000000115b5ae20, 0x0000000115b5b2a8]
Event: 23.621 Thread 0x00007fb17c091800 2450       3       java.util.EnumMap::isValidKey (36 bytes)
Event: 23.622 Thread 0x00007fb17c091800 nmethod 2450 0x0000000115b5b410 code [0x0000000115b5b580, 0x0000000115b5b928]

GC Heap History (10 events):
Event: 10.417 GC heap before
{Heap before GC invocations=10 (full 1):
 PSYoungGen      total 254464K, used 233375K [0x0000000795580000, 0x00000007a6a00000, 0x00000007c0000000)
  eden space 231936K, 98% used [0x0000000795580000,0x00000007a357bcf8,0x00000007a3800000)
  from space 22528K, 17% used [0x00000007a5400000,0x00000007a57ec010,0x00000007a6a00000)
  to   space 25600K, 0% used [0x00000007a3800000,0x00000007a3800000,0x00000007a5100000)
 ParOldGen       total 73216K, used 13943K [0x0000000740000000, 0x0000000744780000, 0x0000000795580000)
  object space 73216K, 19% used [0x0000000740000000,0x0000000740d9dc90,0x0000000744780000)
 Metaspace       used 22669K, capacity 23288K, committed 23552K, reserved 1069056K
  class space    used 2838K, capacity 3015K, committed 3072K, reserved 1048576K
Event: 10.424 GC heap after
Heap after GC invocations=10 (full 1):
 PSYoungGen      total 257536K, used 3856K [0x0000000795580000, 0x00000007ad800000, 0x00000007c0000000)
  eden space 231936K, 0% used [0x0000000795580000,0x0000000795580000,0x00000007a3800000)
  from space 25600K, 15% used [0x00000007a3800000,0x00000007a3bc4010,0x00000007a5100000)
  to   space 26112K, 0% used [0x00000007abe80000,0x00000007abe80000,0x00000007ad800000)
 ParOldGen       total 73216K, used 14143K [0x0000000740000000, 0x0000000744780000, 0x0000000795580000)
  object space 73216K, 19% used [0x0000000740000000,0x0000000740dcfc90,0x0000000744780000)
 Metaspace       used 22669K, capacity 23288K, committed 23552K, reserved 1069056K
  class space    used 2838K, capacity 3015K, committed 3072K, reserved 1048576K
}
Event: 12.152 GC heap before
{Heap before GC invocations=11 (full 1):
 PSYoungGen      total 257536K, used 234484K [0x0000000795580000, 0x00000007ad800000, 0x00000007c0000000)
  eden space 231936K, 99% used [0x0000000795580000,0x00000007a36b92a0,0x00000007a3800000)
  from space 25600K, 15% used [0x00000007a3800000,0x00000007a3bc4010,0x00000007a5100000)
  to   space 26112K, 0% used [0x00000007abe80000,0x00000007abe80000,0x00000007ad800000)
 ParOldGen       total 73216K, used 14143K [0x0000000740000000, 0x0000000744780000, 0x0000000795580000)
  object space 73216K, 19% used [0x0000000740000000,0x0000000740dcfc90,0x0000000744780000)
 Metaspace       used 22748K, capacity 23428K, committed 23808K, reserved 1071104K
  class space    used 2838K, capacity 3015K, committed 3072K, reserved 1048576K
Event: 12.155 GC heap after
Heap after GC invocations=11 (full 1):
 PSYoungGen      total 357376K, used 3760K [0x0000000795580000, 0x00000007ad200000, 0x00000007c0000000)
  eden space 337408K, 0% used [0x0000000795580000,0x0000000795580000,0x00000007a9f00000)
  from space 19968K, 18% used [0x00000007abe80000,0x00000007ac22c010,0x00000007ad200000)
  to   space 26112K, 0% used [0x00000007a9f00000,0x00000007a9f00000,0x00000007ab880000)
 ParOldGen       total 73216K, used 14247K [0x0000000740000000, 0x0000000744780000, 0x0000000795580000)
  object space 73216K, 19% used [0x0000000740000000,0x0000000740de9c90,0x0000000744780000)
 Metaspace       used 22748K, capacity 23428K, committed 23808K, reserved 1071104K
  class space    used 2838K, capacity 3015K, committed 3072K, reserved 1048576K
}
Event: 14.815 GC heap before
{Heap before GC invocations=12 (full 1):
 PSYoungGen      total 357376K, used 339634K [0x0000000795580000, 0x00000007ad200000, 0x00000007c0000000)
  eden space 337408K, 99% used [0x0000000795580000,0x00000007a9d80b80,0x00000007a9f00000)
  from space 19968K, 18% used [0x00000007abe80000,0x00000007ac22c010,0x00000007ad200000)
  to   space 26112K, 0% used [0x00000007a9f00000,0x00000007a9f00000,0x00000007ab880000)
 ParOldGen       total 73216K, used 14247K [0x0000000740000000, 0x0000000744780000, 0x0000000795580000)
  object space 73216K, 19% used [0x0000000740000000,0x0000000740de9c90,0x0000000744780000)
 Metaspace       used 22805K, capacity 23444K, committed 23808K, reserved 1071104K
  class space    used 2838K, capacity 3015K, committed 3072K, reserved 1048576K
Event: 14.824 GC heap after
Heap after GC invocations=12 (full 1):
 PSYoungGen      total 363520K, used 6492K [0x0000000795580000, 0x00000007b5d80000, 0x00000007c0000000)
  eden space 337408K, 0% used [0x0000000795580000,0x0000000795580000,0x00000007a9f00000)
  from space 26112K, 24% used [0x00000007a9f00000,0x00000007aa557020,0x00000007ab880000)
  to   space 25600K, 0% used [0x00000007b4480000,0x00000007b4480000,0x00000007b5d80000)
 ParOldGen       total 73216K, used 17863K [0x0000000740000000, 0x0000000744780000, 0x0000000795580000)
  object space 73216K, 24% used [0x0000000740000000,0x0000000741171ca0,0x0000000744780000)
 Metaspace       used 22805K, capacity 23444K, committed 23808K, reserved 1071104K
  class space    used 2838K, capacity 3015K, committed 3072K, reserved 1048576K
}
Event: 17.396 GC heap before
{Heap before GC invocations=13 (full 1):
 PSYoungGen      total 363520K, used 343900K [0x0000000795580000, 0x00000007b5d80000, 0x00000007c0000000)
  eden space 337408K, 100% used [0x0000000795580000,0x00000007a9f00000,0x00000007a9f00000)
  from space 26112K, 24% used [0x00000007a9f00000,0x00000007aa557020,0x00000007ab880000)
  to   space 25600K, 0% used [0x00000007b4480000,0x00000007b4480000,0x00000007b5d80000)
 ParOldGen       total 73216K, used 17863K [0x0000000740000000, 0x0000000744780000, 0x0000000795580000)
  object space 73216K, 24% used [0x0000000740000000,0x0000000741171ca0,0x0000000744780000)
 Metaspace       used 22843K, capacity 23512K, committed 23808K, reserved 1071104K
  class space    used 2838K, capacity 3015K, committed 3072K, reserved 1048576K
Event: 17.407 GC heap after
Heap after GC invocations=13 (full 1):
 PSYoungGen      total 486400K, used 9192K [0x0000000795580000, 0x00000007b5200000, 0x00000007c0000000)
  eden space 472576K, 0% used [0x0000000795580000,0x0000000795580000,0x00000007b2300000)
  from space 13824K, 66% used [0x00000007b4480000,0x00000007b4d7a030,0x00000007b5200000)
  to   space 24064K, 0% used [0x00000007b2300000,0x00000007b2300000,0x00000007b3a80000)
 ParOldGen       total 73216K, used 21495K [0x0000000740000000, 0x0000000744780000, 0x0000000795580000)
  object space 73216K, 29% used [0x0000000740000000,0x00000007414fdcb0,0x0000000744780000)
 Metaspace       used 22843K, capacity 23512K, committed 23808K, reserved 1071104K
  class space    used 2838K, capacity 3015K, committed 3072K, reserved 1048576K
}
Event: 20.989 GC heap before
{Heap before GC invocations=14 (full 1):
 PSYoungGen      total 486400K, used 481768K [0x0000000795580000, 0x00000007b5200000, 0x00000007c0000000)
  eden space 472576K, 100% used [0x0000000795580000,0x00000007b2300000,0x00000007b2300000)
  from space 13824K, 66% used [0x00000007b4480000,0x00000007b4d7a030,0x00000007b5200000)
  to   space 24064K, 0% used [0x00000007b2300000,0x00000007b2300000,0x00000007b3a80000)
 ParOldGen       total 73216K, used 21495K [0x0000000740000000, 0x0000000744780000, 0x0000000795580000)
  object space 73216K, 29% used [0x0000000740000000,0x00000007414fdcb0,0x0000000744780000)
 Metaspace       used 22991K, capacity 23720K, committed 24064K, reserved 1071104K
  class space    used 2838K, capacity 3015K, committed 3072K, reserved 1048576K
Event: 20.997 GC heap after
Heap after GC invocations=14 (full 1):
 PSYoungGen      total 496640K, used 14592K [0x0000000795580000, 0x00000007bfc80000, 0x00000007c0000000)
  eden space 472576K, 0% used [0x0000000795580000,0x0000000795580000,0x00000007b2300000)
  from space 24064K, 60% used [0x00000007b2300000,0x00000007b3140040,0x00000007b3a80000)
  to   space 24576K, 0% used [0x00000007be480000,0x00000007be480000,0x00000007bfc80000)
 ParOldGen       total 73216K, used 25127K [0x0000000740000000, 0x0000000744780000, 0x0000000795580000)
  object space 73216K, 34% used [0x0000000740000000,0x0000000741889cc0,0x0000000744780000)
 Metaspace       used 22991K, capacity 23720K, committed 24064K, reserved 1071104K
  class space    used 2838K, capacity 3015K, committed 3072K, reserved 1048576K
}

Deoptimization events (10 events):
Event: 6.487 Thread 0x00007fb17b875000 Uncommon trap: reason=class_check action=maybe_recompile pc=0x000000011576a7b8 method=java.util.HashMap.putVal(ILjava/lang/Object;Ljava/lang/Object;ZZ)Ljava/lang/Object; @ 253
Event: 6.488 Thread 0x00007fb17b875000 Uncommon trap: reason=class_check action=maybe_recompile pc=0x000000011576a7b8 method=java.util.HashMap.putVal(ILjava/lang/Object;Ljava/lang/Object;ZZ)Ljava/lang/Object; @ 253
Event: 6.488 Thread 0x00007fb17b875000 Uncommon trap: reason=class_check action=maybe_recompile pc=0x000000011576a7b8 method=java.util.HashMap.putVal(ILjava/lang/Object;Ljava/lang/Object;ZZ)Ljava/lang/Object; @ 253
Event: 6.489 Thread 0x00007fb17b875000 Uncommon trap: reason=bimorphic action=maybe_recompile pc=0x000000011576a868 method=java.util.HashMap.putVal(ILjava/lang/Object;Ljava/lang/Object;ZZ)Ljava/lang/Object; @ 203
Event: 6.489 Thread 0x00007fb17b875000 Uncommon trap: reason=bimorphic action=maybe_recompile pc=0x000000011576a868 method=java.util.HashMap.putVal(ILjava/lang/Object;Ljava/lang/Object;ZZ)Ljava/lang/Object; @ 203
Event: 6.489 Thread 0x00007fb17b875000 Uncommon trap: reason=bimorphic action=maybe_recompile pc=0x000000011576a868 method=java.util.HashMap.putVal(ILjava/lang/Object;Ljava/lang/Object;ZZ)Ljava/lang/Object; @ 203
Event: 6.492 Thread 0x00007fb17b875000 Uncommon trap: reason=class_check action=maybe_recompile pc=0x000000011576a7b8 method=java.util.HashMap.putVal(ILjava/lang/Object;Ljava/lang/Object;ZZ)Ljava/lang/Object; @ 253
Event: 23.338 Thread 0x00007fb17c1a6800 Uncommon trap: reason=unstable_if action=reinterpret pc=0x00000001159d1d1c method=java.net.URI.match(CJJ)Z @ 45
Event: 23.338 Thread 0x00007fb17c1a6800 Uncommon trap: reason=unstable_if action=reinterpret pc=0x0000000115969bac method=java.net.URI.match(CJJ)Z @ 19
Event: 23.344 Thread 0x00007fb17c1a6800 Uncommon trap: reason=unstable_if action=reinterpret pc=0x00000001159bfc80 method=java.lang.String.regionMatches(ZILjava/lang/String;II)Z @ 123

Internal exceptions (10 events):
Event: 1.894 Thread 0x00007fb17c1a6800 Exception <a 'java/lang/NullPointerException'> (0x0000000796bc41e8) thrown at [/Users/java_re/workspace/8-2-build-macosx-x86_64/jdk8u131/8869/hotspot/src/share/vm/prims/jvm.cpp, line 1394]
Event: 2.028 Thread 0x00007fb17c1a6800 Exception <a 'java/lang/ArrayIndexOutOfBoundsException'> (0x0000000796db7dc8) thrown at [/Users/java_re/workspace/8-2-build-macosx-x86_64/jdk8u131/8869/hotspot/src/share/vm/runtime/sharedRuntime.cpp, line 605]
Event: 2.028 Thread 0x00007fb17c1a6800 Exception <a 'java/lang/ArrayIndexOutOfBoundsException'> (0x0000000796db8930) thrown at [/Users/java_re/workspace/8-2-build-macosx-x86_64/jdk8u131/8869/hotspot/src/share/vm/runtime/sharedRuntime.cpp, line 605]
Event: 2.028 Thread 0x00007fb17c1a6800 Exception <a 'java/lang/ArrayIndexOutOfBoundsException'> (0x0000000796db9cd8) thrown at [/Users/java_re/workspace/8-2-build-macosx-x86_64/jdk8u131/8869/hotspot/src/share/vm/runtime/sharedRuntime.cpp, line 605]
Event: 2.031 Thread 0x00007fb17c1a6800 Exception <a 'java/lang/ArrayIndexOutOfBoundsException'> (0x0000000796dce470) thrown at [/Users/java_re/workspace/8-2-build-macosx-x86_64/jdk8u131/8869/hotspot/src/share/vm/runtime/sharedRuntime.cpp, line 605]
Event: 2.145 Thread 0x00007fb17c1a6800 Exception <a 'java/lang/ArrayIndexOutOfBoundsException'> (0x000000079706c1f0) thrown at [/Users/java_re/workspace/8-2-build-macosx-x86_64/jdk8u131/8869/hotspot/src/share/vm/runtime/sharedRuntime.cpp, line 605]
Event: 2.295 Thread 0x00007fb17c1a6800 Implicit null exception at 0x0000000115766675 to 0x00000001157668ad
Event: 5.601 Thread 0x00007fb17b050800 Exception <a 'java/io/FileNotFoundException'> (0x0000000796038fb8) thrown at [/Users/java_re/workspace/8-2-build-macosx-x86_64/jdk8u131/8869/hotspot/src/share/vm/prims/jni.cpp, line 709]
Event: 5.601 Thread 0x00007fb17b050800 Exception <a 'java/io/FileNotFoundException'> (0x0000000796039b20) thrown at [/Users/java_re/workspace/8-2-build-macosx-x86_64/jdk8u131/8869/hotspot/src/share/vm/prims/jni.cpp, line 709]
Event: 6.480 Thread 0x00007fb17b875000 Implicit null exception at 0x00000001156d5f50 to 0x00000001156d675d

Events (10 events):
Event: 23.338 Thread 0x00007fb17c1a6800 DEOPT PACKING pc=0x00000001159d1d1c sp=0x00007ffee1a18e20
Event: 23.338 Thread 0x00007fb17c1a6800 DEOPT UNPACKING pc=0x000000011545e229 sp=0x00007ffee1a18d00 mode 2
Event: 23.338 Thread 0x00007fb17c1a6800 Uncommon trap: trap_request=0xffffff65 fr.pc=0x0000000115969bac
Event: 23.338 Thread 0x00007fb17c1a6800 DEOPT PACKING pc=0x0000000115969bac sp=0x00007ffee1a18dd0
Event: 23.338 Thread 0x00007fb17c1a6800 DEOPT UNPACKING pc=0x000000011545e229 sp=0x00007ffee1a18d80 mode 2
Event: 23.344 Thread 0x00007fb17c1a6800 Uncommon trap: trap_request=0xffffff65 fr.pc=0x00000001159bfc80
Event: 23.344 Thread 0x00007fb17c1a6800 DEOPT PACKING pc=0x00000001159bfc80 sp=0x00007ffee1a19460
Event: 23.344 Thread 0x00007fb17c1a6800 DEOPT UNPACKING pc=0x000000011545e229 sp=0x00007ffee1a193d0 mode 2
Event: 23.344 loading class java/lang/Throwable$WrappedPrintStream
Event: 23.344 loading class java/lang/Throwable$WrappedPrintStream done


Dynamic libraries:
0x00000000101c2000 	/System/Library/Frameworks/Cocoa.framework/Versions/A/Cocoa
0x00000000101c2000 	/System/Library/Frameworks/Security.framework/Versions/A/Security
0x00000000101c2000 	/System/Library/Frameworks/ApplicationServices.framework/Versions/A/ApplicationServices
0x00000000101c2000 	/usr/lib/libz.1.dylib
0x00000000101c2000 	/usr/lib/libSystem.B.dylib
0x00000000101c2000 	/usr/lib/libobjc.A.dylib
0x00000000101c2000 	/System/Library/Frameworks/CoreFoundation.framework/Versions/A/CoreFoundation
0x00000000101c2000 	/System/Library/Frameworks/Foundation.framework/Versions/C/Foundation
0x00000000101c2000 	/System/Library/Frameworks/AppKit.framework/Versions/C/AppKit
0x00000000101c2000 	/System/Library/Frameworks/CoreData.framework/Versions/A/CoreData
0x00000000101c2000 	/System/Library/PrivateFrameworks/RemoteViewServices.framework/Versions/A/RemoteViewServices
0x00000000101c2000 	/System/Library/PrivateFrameworks/UIFoundation.framework/Versions/A/UIFoundation
0x00000000101c2000 	/System/Library/PrivateFrameworks/DFRFoundation.framework/Versions/A/DFRFoundation
0x00000000101c2000 	/System/Library/Frameworks/Metal.framework/Versions/A/Metal
0x00000000101c2000 	/System/Library/PrivateFrameworks/DesktopServicesPriv.framework/Versions/A/DesktopServicesPriv
0x00000000101c2000 	/usr/lib/libenergytrace.dylib
0x00000000101c2000 	/System/Library/PrivateFrameworks/SkyLight.framework/Versions/A/SkyLight
0x00000000101c2000 	/System/Library/Frameworks/CoreGraphics.framework/Versions/A/CoreGraphics
0x00000000101c2000 	/usr/lib/libScreenReader.dylib
0x00000000101c2000 	/System/Library/Frameworks/Accelerate.framework/Versions/A/Accelerate
0x00000000101c2000 	/System/Library/Frameworks/IOSurface.framework/Versions/A/IOSurface
0x00000000101c2000 	/System/Library/Frameworks/AudioToolbox.framework/Versions/A/AudioToolbox
0x00000000101c2000 	/System/Library/Frameworks/AudioUnit.framework/Versions/A/AudioUnit
0x00000000101c2000 	/System/Library/PrivateFrameworks/DataDetectorsCore.framework/Versions/A/DataDetectorsCore
0x00000000101c2000 	/System/Library/Frameworks/Carbon.framework/Versions/A/Frameworks/HIToolbox.framework/Versions/A/HIToolbox
0x00000000101c2000 	/usr/lib/libicucore.A.dylib
0x00000000101c2000 	/System/Library/Frameworks/QuartzCore.framework/Versions/A/QuartzCore
0x00000000101c2000 	/System/Library/Frameworks/Carbon.framework/Versions/A/Frameworks/SpeechRecognition.framework/Versions/A/SpeechRecognition
0x00000000101c2000 	/usr/lib/libauto.dylib
0x00000000101c2000 	/usr/lib/libxml2.2.dylib
0x00000000101c2000 	/System/Library/PrivateFrameworks/CoreUI.framework/Versions/A/CoreUI
0x00000000101c2000 	/System/Library/Frameworks/CoreAudio.framework/Versions/A/CoreAudio
0x00000000101c2000 	/System/Library/Frameworks/DiskArbitration.framework/Versions/A/DiskArbitration
0x00000000101c2000 	/usr/lib/liblangid.dylib
0x00000000101c2000 	/System/Library/PrivateFrameworks/MultitouchSupport.framework/Versions/A/MultitouchSupport
0x00000000101c2000 	/System/Library/Frameworks/IOKit.framework/Versions/A/IOKit
0x00000000101c2000 	/usr/lib/libDiagnosticMessagesClient.dylib
0x00000000101c2000 	/System/Library/Frameworks/CoreServices.framework/Versions/A/CoreServices
0x00000000101c2000 	/System/Library/PrivateFrameworks/PerformanceAnalysis.framework/Versions/A/PerformanceAnalysis
0x00000000101c2000 	/System/Library/Frameworks/OpenGL.framework/Versions/A/OpenGL
0x00000000101c2000 	/System/Library/Frameworks/ColorSync.framework/Versions/A/ColorSync
0x00000000101c2000 	/System/Library/Frameworks/CoreImage.framework/Versions/A/CoreImage
0x00000000101c2000 	/System/Library/Frameworks/CoreText.framework/Versions/A/CoreText
0x00000000101c2000 	/System/Library/Frameworks/ImageIO.framework/Versions/A/ImageIO
0x00000000101c2000 	/System/Library/PrivateFrameworks/Backup.framework/Versions/A/Backup
0x00000000101c2000 	/usr/lib/libarchive.2.dylib
0x00000000101c2000 	/System/Library/Frameworks/CFNetwork.framework/Versions/A/CFNetwork
0x00000000101c2000 	/System/Library/Frameworks/SystemConfiguration.framework/Versions/A/SystemConfiguration
0x00000000101c2000 	/usr/lib/libCRFSuite.dylib
0x00000000101c2000 	/usr/lib/libc++.1.dylib
0x00000000101c2000 	/usr/lib/libc++abi.dylib
0x00000000101c2000 	/usr/lib/system/libcache.dylib
0x00000000101c2000 	/usr/lib/system/libcommonCrypto.dylib
0x00000000101c2000 	/usr/lib/system/libcompiler_rt.dylib
0x00000000101c2000 	/usr/lib/system/libcopyfile.dylib
0x00000000101c2000 	/usr/lib/system/libcorecrypto.dylib
0x00000000101c2000 	/usr/lib/system/libdispatch.dylib
0x00000000101c2000 	/usr/lib/system/libdyld.dylib
0x00000000101c2000 	/usr/lib/system/libkeymgr.dylib
0x00000000101c2000 	/usr/lib/system/liblaunch.dylib
0x00000000101c2000 	/usr/lib/system/libmacho.dylib
0x00000000101c2000 	/usr/lib/system/libquarantine.dylib
0x00000000101c2000 	/usr/lib/system/libremovefile.dylib
0x00000000101c2000 	/usr/lib/system/libsystem_asl.dylib
0x00000000101c2000 	/usr/lib/system/libsystem_blocks.dylib
0x00000000101c2000 	/usr/lib/system/libsystem_c.dylib
0x00000000101c2000 	/usr/lib/system/libsystem_configuration.dylib
0x00000000101c2000 	/usr/lib/system/libsystem_coreservices.dylib
0x00000000101c2000 	/usr/lib/system/libsystem_darwin.dylib
0x00000000101c2000 	/usr/lib/system/libsystem_dnssd.dylib
0x00000000101c2000 	/usr/lib/system/libsystem_info.dylib
0x00000000101c2000 	/usr/lib/system/libsystem_m.dylib
0x00000000101c2000 	/usr/lib/system/libsystem_malloc.dylib
0x00000000101c2000 	/usr/lib/system/libsystem_network.dylib
0x00000000101c2000 	/usr/lib/system/libsystem_networkextension.dylib
0x00000000101c2000 	/usr/lib/system/libsystem_notify.dylib
0x00000000101c2000 	/usr/lib/system/libsystem_sandbox.dylib
0x00000000101c2000 	/usr/lib/system/libsystem_secinit.dylib
0x00000000101c2000 	/usr/lib/system/libsystem_kernel.dylib
0x00000000101c2000 	/usr/lib/system/libsystem_platform.dylib
0x00000000101c2000 	/usr/lib/system/libsystem_pthread.dylib
0x00000000101c2000 	/usr/lib/system/libsystem_symptoms.dylib
0x00000000101c2000 	/usr/lib/system/libsystem_trace.dylib
0x00000000101c2000 	/usr/lib/system/libunwind.dylib
0x00000000101c2000 	/usr/lib/system/libxpc.dylib
0x00000000101c2000 	/usr/lib/closure/libclosured.dylib
0x00000000101c2000 	/usr/lib/libbsm.0.dylib
0x00000000101c2000 	/usr/lib/system/libkxld.dylib
0x00000000101c2000 	/usr/lib/libOpenScriptingUtil.dylib
0x00000000101c2000 	/usr/lib/libcoretls.dylib
0x00000000101c2000 	/usr/lib/libcoretls_cfhelpers.dylib
0x00000000101c2000 	/usr/lib/libpam.2.dylib
0x00000000101c2000 	/usr/lib/libsqlite3.dylib
0x00000000101c2000 	/usr/lib/libxar.1.dylib
0x00000000101c2000 	/usr/lib/libbz2.1.0.dylib
0x00000000101c2000 	/usr/lib/liblzma.5.dylib
0x00000000101c2000 	/usr/lib/libnetwork.dylib
0x00000000101c2000 	/usr/lib/libapple_nghttp2.dylib
0x00000000101c2000 	/usr/lib/libpcap.A.dylib
0x00000000101c2000 	/usr/lib/libboringssl.dylib
0x00000000101c2000 	/usr/lib/libusrtcp.dylib
0x00000000101c2000 	/usr/lib/libapple_crypto.dylib
0x00000000101c2000 	/System/Library/Frameworks/CoreServices.framework/Versions/A/Frameworks/FSEvents.framework/Versions/A/FSEvents
0x00000000101c2000 	/System/Library/Frameworks/CoreServices.framework/Versions/A/Frameworks/CarbonCore.framework/Versions/A/CarbonCore
0x00000000101c2000 	/System/Library/Frameworks/CoreServices.framework/Versions/A/Frameworks/Metadata.framework/Versions/A/Metadata
0x00000000101c2000 	/System/Library/Frameworks/CoreServices.framework/Versions/A/Frameworks/OSServices.framework/Versions/A/OSServices
0x00000000101c2000 	/System/Library/Frameworks/CoreServices.framework/Versions/A/Frameworks/SearchKit.framework/Versions/A/SearchKit
0x00000000101c2000 	/System/Library/Frameworks/CoreServices.framework/Versions/A/Frameworks/AE.framework/Versions/A/AE
0x00000000101c2000 	/System/Library/Frameworks/CoreServices.framework/Versions/A/Frameworks/LaunchServices.framework/Versions/A/LaunchServices
0x00000000101c2000 	/System/Library/Frameworks/CoreServices.framework/Versions/A/Frameworks/DictionaryServices.framework/Versions/A/DictionaryServices
0x00000000101c2000 	/System/Library/Frameworks/CoreServices.framework/Versions/A/Frameworks/SharedFileList.framework/Versions/A/SharedFileList
0x00000000101c2000 	/System/Library/Frameworks/NetFS.framework/Versions/A/NetFS
0x00000000101c2000 	/System/Library/PrivateFrameworks/NetAuth.framework/Versions/A/NetAuth
0x00000000101c2000 	/System/Library/PrivateFrameworks/login.framework/Versions/A/Frameworks/loginsupport.framework/Versions/A/loginsupport
0x00000000101c2000 	/System/Library/PrivateFrameworks/TCC.framework/Versions/A/TCC
0x00000000101c2000 	/usr/lib/libmecabra.dylib
0x00000000101c2000 	/System/Library/Frameworks/ApplicationServices.framework/Versions/A/Frameworks/ATS.framework/Versions/A/ATS
0x00000000101c2000 	/System/Library/Frameworks/ApplicationServices.framework/Versions/A/Frameworks/ColorSyncLegacy.framework/Versions/A/ColorSyncLegacy
0x00000000101c2000 	/System/Library/Frameworks/ApplicationServices.framework/Versions/A/Frameworks/HIServices.framework/Versions/A/HIServices
0x00000000101c2000 	/System/Library/Frameworks/ApplicationServices.framework/Versions/A/Frameworks/LangAnalysis.framework/Versions/A/LangAnalysis
0x00000000101c2000 	/System/Library/Frameworks/ApplicationServices.framework/Versions/A/Frameworks/PrintCore.framework/Versions/A/PrintCore
0x00000000101c2000 	/System/Library/Frameworks/ApplicationServices.framework/Versions/A/Frameworks/QD.framework/Versions/A/QD
0x00000000101c2000 	/System/Library/Frameworks/ApplicationServices.framework/Versions/A/Frameworks/SpeechSynthesis.framework/Versions/A/SpeechSynthesis
0x00000000101c2000 	/System/Library/Frameworks/CoreDisplay.framework/Versions/A/CoreDisplay
0x00000000101c2000 	/System/Library/Frameworks/Accelerate.framework/Versions/A/Frameworks/vImage.framework/Versions/A/vImage
0x00000000101c2000 	/System/Library/Frameworks/Accelerate.framework/Versions/A/Frameworks/vecLib.framework/Versions/A/vecLib
0x00000000101c2000 	/System/Library/Frameworks/Accelerate.framework/Versions/A/Frameworks/vecLib.framework/Versions/A/libvDSP.dylib
0x00000000101c2000 	/System/Library/Frameworks/Accelerate.framework/Versions/A/Frameworks/vecLib.framework/Versions/A/libBNNS.dylib
0x00000000101c2000 	/System/Library/Frameworks/Accelerate.framework/Versions/A/Frameworks/vecLib.framework/Versions/A/libQuadrature.dylib
0x00000000101c2000 	/System/Library/Frameworks/Accelerate.framework/Versions/A/Frameworks/vecLib.framework/Versions/A/libvMisc.dylib
0x00000000101c2000 	/System/Library/Frameworks/Accelerate.framework/Versions/A/Frameworks/vecLib.framework/Versions/A/libLAPACK.dylib
0x00000000101c2000 	/System/Library/Frameworks/Accelerate.framework/Versions/A/Frameworks/vecLib.framework/Versions/A/libBLAS.dylib
0x00000000101c2000 	/System/Library/Frameworks/Accelerate.framework/Versions/A/Frameworks/vecLib.framework/Versions/A/libLinearAlgebra.dylib
0x00000000101c2000 	/System/Library/Frameworks/Accelerate.framework/Versions/A/Frameworks/vecLib.framework/Versions/A/libSparse.dylib
0x00000000101c2000 	/System/Library/Frameworks/Accelerate.framework/Versions/A/Frameworks/vecLib.framework/Versions/A/libSparseBLAS.dylib
0x00000000101c2000 	/System/Library/PrivateFrameworks/IOAccelerator.framework/Versions/A/IOAccelerator
0x00000000101c2000 	/System/Library/PrivateFrameworks/IOPresentment.framework/Versions/A/IOPresentment
0x00000000101c2000 	/System/Library/PrivateFrameworks/DSExternalDisplay.framework/Versions/A/DSExternalDisplay
0x00000000101c2000 	/System/Library/Frameworks/OpenGL.framework/Versions/A/Libraries/libCoreFSCache.dylib
0x00000000101c2000 	/System/Library/Frameworks/CoreVideo.framework/Versions/A/CoreVideo
0x00000000101c2000 	/System/Library/PrivateFrameworks/GraphVisualizer.framework/Versions/A/GraphVisualizer
0x00000000101c2000 	/System/Library/Frameworks/MetalPerformanceShaders.framework/Versions/A/MetalPerformanceShaders
0x00000000101c2000 	/usr/lib/libFosl_dynamic.dylib
0x00000000101c2000 	/System/Library/PrivateFrameworks/FaceCore.framework/Versions/A/FaceCore
0x00000000101c2000 	/System/Library/Frameworks/OpenCL.framework/Versions/A/OpenCL
0x00000000101c2000 	/usr/lib/libcompression.dylib
0x00000000101c2000 	/System/Library/Frameworks/ApplicationServices.framework/Versions/A/Frameworks/ATS.framework/Versions/A/Resources/libFontParser.dylib
0x00000000101c2000 	/System/Library/Frameworks/ApplicationServices.framework/Versions/A/Frameworks/ATS.framework/Versions/A/Resources/libFontRegistry.dylib
0x00000000101c2000 	/System/Library/Frameworks/ImageIO.framework/Versions/A/Resources/libJPEG.dylib
0x00000000101c2000 	/System/Library/Frameworks/ImageIO.framework/Versions/A/Resources/libTIFF.dylib
0x00000000101c2000 	/System/Library/Frameworks/ImageIO.framework/Versions/A/Resources/libPng.dylib
0x00000000101c2000 	/System/Library/Frameworks/ImageIO.framework/Versions/A/Resources/libGIF.dylib
0x00000000101c2000 	/System/Library/Frameworks/ImageIO.framework/Versions/A/Resources/libJP2.dylib
0x00000000101c2000 	/System/Library/Frameworks/ImageIO.framework/Versions/A/Resources/libRadiance.dylib
0x00000000101c2000 	/System/Library/PrivateFrameworks/AppleJPEG.framework/Versions/A/AppleJPEG
0x00000000101c2000 	/System/Library/PrivateFrameworks/MetalTools.framework/Versions/A/MetalTools
0x00000000101c2000 	/System/Library/Frameworks/MetalPerformanceShaders.framework/Frameworks/MPSCore.framework/Versions/A/MPSCore
0x00000000101c2000 	/System/Library/Frameworks/MetalPerformanceShaders.framework/Frameworks/MPSImage.framework/Versions/A/MPSImage
0x00000000101c2000 	/System/Library/Frameworks/MetalPerformanceShaders.framework/Frameworks/MPSMatrix.framework/Versions/A/MPSMatrix
0x00000000101c2000 	/System/Library/Frameworks/MetalPerformanceShaders.framework/Frameworks/MPSNeuralNetwork.framework/Versions/A/MPSNeuralNetwork
0x00000000101c2000 	/System/Library/Frameworks/OpenGL.framework/Versions/A/Libraries/libGLU.dylib
0x00000000101c2000 	/System/Library/Frameworks/OpenGL.framework/Versions/A/Libraries/libGFXShared.dylib
0x00000000101c2000 	/System/Library/Frameworks/OpenGL.framework/Versions/A/Libraries/libGL.dylib
0x00000000101c2000 	/System/Library/Frameworks/OpenGL.framework/Versions/A/Libraries/libGLImage.dylib
0x00000000101c2000 	/System/Library/Frameworks/OpenGL.framework/Versions/A/Libraries/libCVMSPluginSupport.dylib
0x00000000101c2000 	/System/Library/Frameworks/OpenGL.framework/Versions/A/Libraries/libCoreVMClient.dylib
0x00000000101c2000 	/usr/lib/libcups.2.dylib
0x00000000101c2000 	/System/Library/Frameworks/Kerberos.framework/Versions/A/Kerberos
0x00000000101c2000 	/System/Library/Frameworks/GSS.framework/Versions/A/GSS
0x00000000101c2000 	/usr/lib/libresolv.9.dylib
0x00000000101c2000 	/usr/lib/libiconv.2.dylib
0x00000000101c2000 	/System/Library/PrivateFrameworks/Heimdal.framework/Versions/A/Heimdal
0x00000000101c2000 	/usr/lib/libheimdal-asn1.dylib
0x00000000101c2000 	/System/Library/Frameworks/OpenDirectory.framework/Versions/A/OpenDirectory
0x00000000101c2000 	/System/Library/PrivateFrameworks/CommonAuth.framework/Versions/A/CommonAuth
0x00000000101c2000 	/System/Library/Frameworks/OpenDirectory.framework/Versions/A/Frameworks/CFOpenDirectory.framework/Versions/A/CFOpenDirectory
0x00000000101c2000 	/System/Library/Frameworks/SecurityFoundation.framework/Versions/A/SecurityFoundation
0x00000000101c2000 	/System/Library/PrivateFrameworks/APFS.framework/Versions/A/APFS
0x00000000101c2000 	/usr/lib/libutil.dylib
0x00000000101c2000 	/System/Library/PrivateFrameworks/AppleSauce.framework/Versions/A/AppleSauce
0x00000000101c2000 	/System/Library/PrivateFrameworks/LinguisticData.framework/Versions/A/LinguisticData
0x00000000101c2000 	/usr/lib/libmarisa.dylib
0x00000000101c2000 	/System/Library/PrivateFrameworks/Lexicon.framework/Versions/A/Lexicon
0x00000000101c2000 	/usr/lib/libChineseTokenizer.dylib
0x00000000101c2000 	/usr/lib/libcmph.dylib
0x00000000101c2000 	/System/Library/PrivateFrameworks/LanguageModeling.framework/Versions/A/LanguageModeling
0x00000000101c2000 	/System/Library/PrivateFrameworks/CoreEmoji.framework/Versions/A/CoreEmoji
0x00000000101c2000 	/System/Library/Frameworks/ServiceManagement.framework/Versions/A/ServiceManagement
0x00000000101c2000 	/System/Library/PrivateFrameworks/BackgroundTaskManagement.framework/Versions/A/BackgroundTaskManagement
0x00000000101c2000 	/usr/lib/libxslt.1.dylib
0x00000000101c2000 	/System/Library/Frameworks/Carbon.framework/Versions/A/Frameworks/Ink.framework/Versions/A/Ink
0x00000000101c2000 	/System/Library/PrivateFrameworks/TextureIO.framework/Versions/A/TextureIO
0x00000000101c2000 	/usr/lib/libate.dylib
0x00000000101c2000 	/System/Library/PrivateFrameworks/CrashReporterSupport.framework/Versions/A/CrashReporterSupport
0x00000000101c2000 	/System/Library/PrivateFrameworks/Sharing.framework/Versions/A/Sharing
0x00000000101c2000 	/System/Library/PrivateFrameworks/IconServices.framework/Versions/A/IconServices
0x00000000101c2000 	/System/Library/PrivateFrameworks/ProtocolBuffer.framework/Versions/A/ProtocolBuffer
0x00000000101c2000 	/System/Library/PrivateFrameworks/Apple80211.framework/Versions/A/Apple80211
0x00000000101c2000 	/System/Library/Frameworks/CoreWLAN.framework/Versions/A/CoreWLAN
0x00000000101c2000 	/System/Library/PrivateFrameworks/CoreUtils.framework/Versions/A/CoreUtils
0x00000000101c2000 	/System/Library/Frameworks/IOBluetooth.framework/Versions/A/IOBluetooth
0x00000000101c2000 	/System/Library/PrivateFrameworks/CoreWiFi.framework/Versions/A/CoreWiFi
0x00000000101c2000 	/System/Library/Frameworks/CoreBluetooth.framework/Versions/A/CoreBluetooth
0x00000000101c2000 	/System/Library/PrivateFrameworks/SignpostNotification.framework/Versions/A/SignpostNotification
0x00000000101c2000 	/System/Library/PrivateFrameworks/DebugSymbols.framework/Versions/A/DebugSymbols
0x00000000101c2000 	/System/Library/PrivateFrameworks/CoreSymbolication.framework/Versions/A/CoreSymbolication
0x00000000101c2000 	/System/Library/PrivateFrameworks/Symbolication.framework/Versions/A/Symbolication
0x00000000101c2000 	/System/Library/PrivateFrameworks/AppleFSCompression.framework/Versions/A/AppleFSCompression
0x00000000101c2000 	/System/Library/PrivateFrameworks/SpeechRecognitionCore.framework/Versions/A/SpeechRecognitionCore
0x000000010ec00000 	/Library/Java/JavaVirtualMachines/jdk1.8.0_131.jdk/Contents/Home/jre/lib/server/libjvm.dylib
0x00000000101c2000 	/usr/lib/libstdc++.6.0.9.dylib
0x000000010e24a000 	/Library/Java/JavaVirtualMachines/jdk1.8.0_131.jdk/Contents/Home/jre/lib/libverify.dylib
0x000000010e258000 	/Library/Java/JavaVirtualMachines/jdk1.8.0_131.jdk/Contents/Home/jre/lib/libjava.dylib
0x000000010e2d7000 	/Library/Java/JavaVirtualMachines/jdk1.8.0_131.jdk/Contents/Home/jre/lib/libzip.dylib
0x00000000101c2000 	/System/Library/Frameworks/JavaVM.framework/Versions/A/Frameworks/JavaRuntimeSupport.framework/Versions/A/JavaRuntimeSupport
0x00000000101c2000 	/System/Library/Frameworks/JavaVM.framework/Versions/A/Frameworks/JavaNativeFoundation.framework/Versions/A/JavaNativeFoundation
0x00000000101c2000 	/System/Library/Frameworks/JavaVM.framework/Versions/A/JavaVM
0x00000000101c2000 	/System/Library/Frameworks/Carbon.framework/Versions/A/Carbon
0x00000000101c2000 	/System/Library/PrivateFrameworks/JavaLaunching.framework/Versions/A/JavaLaunching
0x00000000101c2000 	/System/Library/Frameworks/Carbon.framework/Versions/A/Frameworks/CommonPanels.framework/Versions/A/CommonPanels
0x00000000101c2000 	/System/Library/Frameworks/Carbon.framework/Versions/A/Frameworks/Help.framework/Versions/A/Help
0x00000000101c2000 	/System/Library/Frameworks/Carbon.framework/Versions/A/Frameworks/ImageCapture.framework/Versions/A/ImageCapture
0x00000000101c2000 	/System/Library/Frameworks/Carbon.framework/Versions/A/Frameworks/OpenScripting.framework/Versions/A/OpenScripting
0x00000000101c2000 	/System/Library/Frameworks/Carbon.framework/Versions/A/Frameworks/Print.framework/Versions/A/Print
0x00000000101c2000 	/System/Library/Frameworks/Carbon.framework/Versions/A/Frameworks/SecurityHI.framework/Versions/A/SecurityHI
0x00000001153a4000 	/Library/Java/JavaVirtualMachines/jdk1.8.0_131.jdk/Contents/Home/jre/lib/libprism_es2.dylib
0x00000000101c2000 	/System/Library/PrivateFrameworks/CoreServicesInternal.framework/Versions/A/CoreServicesInternal
0x00000000101c2000 	/System/Library/Frameworks/OpenGL.framework/Versions/A/Resources/GLEngine.bundle/GLEngine
0x00000000101c2000 	/System/Library/Frameworks/OpenGL.framework/Versions/A/Libraries/libGLProgrammability.dylib
0x0000000126f2c000 	/System/Library/Extensions/AppleIntelBDWGraphicsGLDriver.bundle/Contents/MacOS/AppleIntelBDWGraphicsGLDriver
0x00000000101c2000 	/System/Library/PrivateFrameworks/GPUSupport.framework/Versions/A/Libraries/libGPUSupportMercury.dylib
0x00000000101c2000 	/System/Library/Frameworks/OpenGL.framework/Versions/A/Resources/GLRendererFloat.bundle/GLRendererFloat
0x00000000101c2000 	/System/Library/Frameworks/OpenCL.framework/Versions/A/Libraries/libcldcpuengine.dylib
0x00000000101c2000 	/usr/lib/libcrypto.35.dylib
0x00000000101c2000 	/System/Library/PrivateFrameworks/TrustEvaluationAgent.framework/Versions/A/TrustEvaluationAgent
0x0000000127a75000 	/Library/Java/JavaVirtualMachines/jdk1.8.0_131.jdk/Contents/Home/jre/lib/libglass.dylib
0x00000000101c2000 	/System/Library/CoreServices/RawCamera.bundle/Contents/MacOS/RawCamera
0x00000000101c2000 	/System/Library/PrivateFrameworks/MobileAsset.framework/Versions/A/MobileAsset
0x00000000101c2000 	/System/Library/PrivateFrameworks/StreamingZip.framework/Versions/A/StreamingZip
0x00000000101c2000 	/System/Library/Frameworks/MediaToolbox.framework/Versions/A/MediaToolbox
0x00000000101c2000 	/System/Library/PrivateFrameworks/CoreAVCHD.framework/Versions/A/CoreAVCHD
0x00000000101c2000 	/System/Library/Frameworks/MediaAccessibility.framework/Versions/A/MediaAccessibility
0x00000000101c2000 	/System/Library/PrivateFrameworks/Mangrove.framework/Versions/A/Mangrove
0x00000000101c2000 	/System/Library/Frameworks/CoreMedia.framework/Versions/A/CoreMedia
0x00000000101c2000 	/System/Library/Frameworks/VideoToolbox.framework/Versions/A/VideoToolbox
0x00000000101c2000 	/System/Library/PrivateFrameworks/CoreAUC.framework/Versions/A/CoreAUC
0x00000000101c2000 	/usr/lib/libspindump.dylib
0x00000000101c2000 	/usr/lib/libdscsym.dylib
0x00000000101c2000 	/System/Library/PrivateFrameworks/AppleVA.framework/Versions/A/AppleVA
0x00000000101c2000 	/System/Library/Frameworks/Accelerate.framework/Versions/A/Frameworks/vImage.framework/Versions/A/Libraries/libCGInterfaces.dylib
0x00000000101c2000 	/System/Library/PrivateFrameworks/FamilyControls.framework/Versions/A/FamilyControls
0x00000000101c2000 	/System/Library/PrivateFrameworks/CommerceKit.framework/Versions/A/Frameworks/CommerceCore.framework/Versions/A/CommerceCore
0x00000000101c2000 	/System/Library/PrivateFrameworks/SystemAdministration.framework/Versions/A/SystemAdministration
0x00000000101c2000 	/System/Library/PrivateFrameworks/AppContainer.framework/Versions/A/AppContainer
0x00000000101c2000 	/System/Library/PrivateFrameworks/SecCodeWrapper.framework/Versions/A/SecCodeWrapper
0x00000000101c2000 	/System/Library/PrivateFrameworks/DiskManagement.framework/Versions/A/DiskManagement
0x00000000101c2000 	/System/Library/Frameworks/DirectoryService.framework/Versions/A/DirectoryService
0x00000000101c2000 	/System/Library/PrivateFrameworks/DiskImages.framework/Versions/A/DiskImages
0x00000000101c2000 	/System/Library/PrivateFrameworks/LoginUIKit.framework/Versions/A/Frameworks/LoginUICore.framework/Versions/A/LoginUICore
0x00000000101c2000 	/usr/lib/libCoreStorage.dylib
0x00000000101c2000 	/usr/lib/libcsfde.dylib
0x00000000101c2000 	/usr/lib/libodfde.dylib
0x00000000101c2000 	/System/Library/PrivateFrameworks/MediaKit.framework/Versions/A/MediaKit
0x00000000101c2000 	/System/Library/Frameworks/DiscRecording.framework/Versions/A/DiscRecording
0x00000000101c2000 	/System/Library/PrivateFrameworks/EFILogin.framework/Versions/A/EFILogin
0x00000000101c2000 	/System/Library/PrivateFrameworks/ProtectedCloudStorage.framework/Versions/A/ProtectedCloudStorage
0x00000000101c2000 	/usr/lib/libcurl.4.dylib
0x00000000101c2000 	/usr/lib/libssl.35.dylib
0x00000000101c2000 	/System/Library/Frameworks/LDAP.framework/Versions/A/LDAP
0x00000000101c2000 	/usr/lib/libsasl2.2.dylib
0x00000000101c2000 	/System/Library/PrivateFrameworks/CoreDaemon.framework/Versions/B/CoreDaemon
0x00000000101c2000 	/System/Library/PrivateFrameworks/AppleSRP.framework/Versions/A/AppleSRP
0x0000000129982000 	/Users/Apple/opencv/my_build/lib/libopencv_java331.dylib
0x0000000129b04000 	/Users/Apple/opencv/my_build/lib/libopencv_img_hash.3.3.dylib
0x0000000129b1d000 	/Users/Apple/opencv/my_build/lib/libopencv_bioinspired.3.3.dylib
0x0000000129b70000 	/Users/Apple/opencv/my_build/lib/libopencv_structured_light.3.3.dylib
0x0000000129b8c000 	/Users/Apple/opencv/my_build/lib/libopencv_xfeatures2d.3.3.dylib
0x0000000129e85000 	/Users/Apple/opencv/my_build/lib/libopencv_aruco.3.3.dylib
0x0000000129ee7000 	/Users/Apple/opencv/my_build/lib/libopencv_face.3.3.dylib
0x0000000129fa3000 	/Users/Apple/opencv/my_build/lib/libopencv_phase_unwrapping.3.3.dylib
0x0000000129fae000 	/Users/Apple/opencv/my_build/lib/libopencv_shape.3.3.dylib
0x0000000129fe5000 	/Users/Apple/opencv/my_build/lib/libopencv_calib3d.3.3.dylib
0x000000012a1bd000 	/Users/Apple/opencv/my_build/lib/libopencv_objdetect.3.3.dylib
0x000000012a233000 	/Users/Apple/opencv/my_build/lib/libopencv_photo.3.3.dylib
0x000000012a318000 	/Users/Apple/opencv/my_build/lib/libopencv_tracking.3.3.dylib
0x000000012a528000 	/Users/Apple/opencv/my_build/lib/libopencv_plot.3.3.dylib
0x000000012a533000 	/Users/Apple/opencv/my_build/lib/libopencv_video.3.3.dylib
0x000000012a5a4000 	/Users/Apple/opencv/my_build/lib/libopencv_datasets.3.3.dylib
0x000000012a60b000 	/Users/Apple/opencv/my_build/lib/libopencv_text.3.3.dylib
0x000000012a758000 	/Users/Apple/opencv/my_build/lib/libopencv_ml.3.3.dylib
0x000000012a819000 	/Users/Apple/opencv/my_build/lib/libopencv_dnn.3.3.dylib
0x000000012abf1000 	/Users/Apple/opencv/my_build/lib/libopencv_features2d.3.3.dylib
0x000000012acc4000 	/Users/Apple/opencv/my_build/lib/libopencv_flann.3.3.dylib
0x000000012ad36000 	/Users/Apple/opencv/my_build/lib/libopencv_highgui.3.3.dylib
0x000000012ad4c000 	/Users/Apple/opencv/my_build/lib/libopencv_videoio.3.3.dylib
0x000000012ad75000 	/Users/Apple/opencv/my_build/lib/libopencv_imgcodecs.3.3.dylib
0x000000012b051000 	/Users/Apple/opencv/my_build/lib/libopencv_imgproc.3.3.dylib
0x000000012db44000 	/Users/Apple/opencv/my_build/lib/libopencv_core.3.3.dylib
0x00000000101c2000 	/System/Library/Frameworks/AVFoundation.framework/Versions/A/AVFoundation
0x00000000101c2000 	/System/Library/Frameworks/AVFoundation.framework/Versions/A/Frameworks/AVFAudio.framework/Versions/A/AVFAudio
0x00000000101c2000 	/System/Library/PrivateFrameworks/IntlPreferences.framework/Versions/A/IntlPreferences
0x00000000101c2000 	/System/Library/Frameworks/CoreMediaIO.framework/Versions/A/CoreMediaIO
0x00000000101c2000 	/System/Library/PrivateFrameworks/RemoteServiceDiscovery.framework/Versions/A/RemoteServiceDiscovery
0x00000000101c2000 	/System/Library/PrivateFrameworks/RemoteXPC.framework/Versions/A/RemoteXPC
0x00000000101c2000 	/System/Library/PrivateFrameworks/MultiverseSupport.framework/Versions/A/MultiverseSupport
0x00000000101c2000 	/System/Library/PrivateFrameworks/InternationalSupport.framework/Versions/A/InternationalSupport
0x00000000101c2000 	/System/Library/Frameworks/ApplicationServices.framework/Versions/A/Frameworks/ATS.framework/Versions/A/Resources/libTrueTypeScaler.dylib
0x00000000101c2000 	/System/Library/Extensions/AppleIntelBDWGraphicsMTLDriver.bundle/Contents/MacOS/AppleIntelBDWGraphicsMTLDriver
0x00000000101c2000 	/System/Library/PrivateFrameworks/GPUCompiler.framework/Versions/3802/Libraries/libmetal_timestamp.dylib
0x000000012f97f000 	/Library/Java/JavaVirtualMachines/jdk1.8.0_131.jdk/Contents/Home/jre/lib/libnet.dylib
0x0000000130685000 	/Library/Java/JavaVirtualMachines/jdk1.8.0_131.jdk/Contents/Home/jre/lib/libjavafx_font.dylib
0x00000000101c2000 	/System/Library/PrivateFrameworks/ViewBridge.framework/Versions/A/ViewBridge
0x000000012fffd000 	/Library/Java/JavaVirtualMachines/jdk1.8.0_131.jdk/Contents/Home/jre/lib/libprism_common.dylib
0x0000000128072000 	/System/Library/Extensions/AppleHDA.kext/Contents/PlugIns/AppleHDAHALPlugIn.bundle/Contents/MacOS/AppleHDAHALPlugIn
0x000000012807c000 	/Library/CoreMediaIO/Plug-Ins/DAL/AppleCamera.plugin/Contents/MacOS/AppleCamera
0x00000001280a7000 	/System/Library/Frameworks/CoreMediaIO.framework/Resources/VDC.plugin/Contents/MacOS/VDC
0x0000000131419000 	/System/Library/Frameworks/CoreMediaIO.framework/Resources/CMIOUnits.bundle/Contents/MacOS/CMIOUnits
0x00000000101c2000 	/System/Library/PrivateFrameworks/FWAVC.framework/Versions/A/FWAVC
0x00000000101c2000 	/System/Library/PrivateFrameworks/AppleGVA.framework/Versions/A/AppleGVA
0x000000012f439000 	/Library/Java/JavaVirtualMachines/jdk1.8.0_131.jdk/Contents/Home/jre/lib/libawt.dylib
0x00000001391a0000 	/Library/Java/JavaVirtualMachines/jdk1.8.0_131.jdk/Contents/Home/jre/lib/./libmlib_image.dylib
0x000000013926c000 	/Library/Java/JavaVirtualMachines/jdk1.8.0_131.jdk/Contents/Home/jre/lib/libawt_lwawt.dylib
0x0000000128106000 	/Library/Java/JavaVirtualMachines/jdk1.8.0_131.jdk/Contents/Home/jre/lib/./libosxapp.dylib
0x00000000101c2000 	/System/Library/Frameworks/ExceptionHandling.framework/Versions/A/ExceptionHandling
0x000000013e3b1000 	/Users/Apple/.javacpp/cache/opencv-macosx-x86_64.jar/org/bytedeco/javacpp/macosx-x86_64/libopencv_core.3.2.dylib
0x000000012f56a000 	/Library/Java/JavaVirtualMachines/jdk1.8.0_131.jdk/Contents/Home/jre/lib/libnio.dylib
0x000000013e9f4000 	/Users/Apple/.javacpp/cache/opencv-macosx-x86_64.jar/org/bytedeco/javacpp/macosx-x86_64/libopencv_imgproc.3.2.dylib
0x000000013ed5e000 	/Users/Apple/.javacpp/cache/opencv-macosx-x86_64.jar/org/bytedeco/javacpp/macosx-x86_64/libjniopencv_core.dylib
0x000000013fa98000 	/Users/Apple/.javacpp/cache/opencv-macosx-x86_64.jar/org/bytedeco/javacpp/macosx-x86_64/libjniopencv_imgproc.dylib
0x000000013fbaf000 	/Users/Apple/.javacpp/cache/opencv-macosx-x86_64.jar/org/bytedeco/javacpp/macosx-x86_64/libopencv_imgcodecs.3.2.dylib
0x000000012f65c000 	/Users/Apple/.javacpp/cache/opencv-macosx-x86_64.jar/org/bytedeco/javacpp/macosx-x86_64/libjniopencv_imgcodecs.dylib
0x000000012f682000 	/Users/Apple/.javacpp/cache/opencv-macosx-x86_64.jar/org/bytedeco/javacpp/macosx-x86_64/libopencv_videoio.3.2.dylib
0x000000012f6a7000 	/Users/Apple/.javacpp/cache/opencv-macosx-x86_64.jar/org/bytedeco/javacpp/macosx-x86_64/libjniopencv_videoio.dylib
0x000000012f6bd000 	/Users/Apple/.javacpp/cache/opencv-macosx-x86_64.jar/org/bytedeco/javacpp/macosx-x86_64/libopencv_highgui.3.2.dylib
0x000000012f6ce000 	/Users/Apple/.javacpp/cache/opencv-macosx-x86_64.jar/org/bytedeco/javacpp/macosx-x86_64/libjniopencv_highgui.dylib
0x00000001423d9000 	/Users/Apple/.javacpp/cache/opencv-macosx-x86_64.jar/org/bytedeco/javacpp/macosx-x86_64/libopencv_ml.3.2.dylib
0x00000001425f2000 	/Users/Apple/.javacpp/cache/opencv-macosx-x86_64.jar/org/bytedeco/javacpp/macosx-x86_64/libjniopencv_ml.dylib
0x0000000142581000 	/Users/Apple/.javacpp/cache/opencv-macosx-x86_64.jar/org/bytedeco/javacpp/macosx-x86_64/libopencv_objdetect.3.2.dylib
0x00000001429be000 	/Users/Apple/.javacpp/cache/opencv-macosx-x86_64.jar/org/bytedeco/javacpp/macosx-x86_64/libjniopencv_objdetect.dylib
0x000000012f70c000 	/Users/Apple/.javacpp/cache/opencv-macosx-x86_64.jar/org/bytedeco/javacpp/macosx-x86_64/libopencv_face.3.2.dylib
0x00000001307f1000 	/Users/Apple/.javacpp/cache/opencv-macosx-x86_64.jar/org/bytedeco/javacpp/macosx-x86_64/libjniopencv_face.dylib

VM Arguments:
jvm_args: -Dfile.encoding=UTF-8 -Djava.library.path=/Users/Apple/opencv/my_build/lib 
java_command: /Users/Apple/NetBeansProjects/ReceptionAssistant/dist/run1829786480/ReceptionAssistant.jar
java_class_path (initial): /Users/Apple/NetBeansProjects/ReceptionAssistant/dist/run1829786480/ReceptionAssistant.jar
Launcher Type: SUN_STANDARD

Environment Variables:
PATH=/usr/bin:/bin:/usr/sbin:/sbin
LD_LIBRARY_PATH=/Library/Java/JavaVirtualMachines/jdk1.8.0_131.jdk/Contents/Home/jre/lib/amd64:/Library/Java/JavaVirtualMachines/jdk1.8.0_131.jdk/Contents/Home/jre/lib/i386:
SHELL=/bin/bash
DISPLAY=/private/tmp/com.apple.launchd.qiw2WVD4nm/org.macosforge.xquartz:0

Signal Handlers:
SIGSEGV: [libjvm.dylib+0x5b1eb1], sa_mask[0]=11111111011111110111111111111111, sa_flags=SA_ONSTACK|SA_RESTART|SA_SIGINFO
SIGBUS: [libjvm.dylib+0x5b1eb1], sa_mask[0]=11111111011111110111111111111111, sa_flags=SA_RESTART|SA_SIGINFO
SIGFPE: [libjvm.dylib+0x488988], sa_mask[0]=11111111011111110111111111111111, sa_flags=SA_RESTART|SA_SIGINFO
SIGPIPE: [libjvm.dylib+0x488988], sa_mask[0]=11111111011111110111111111111111, sa_flags=SA_RESTART|SA_SIGINFO
SIGXFSZ: [libjvm.dylib+0x488988], sa_mask[0]=11111111011111110111111111111111, sa_flags=SA_RESTART|SA_SIGINFO
SIGILL: [libjvm.dylib+0x488988], sa_mask[0]=11111111011111110111111111111111, sa_flags=SA_RESTART|SA_SIGINFO
SIGUSR1: SIG_DFL, sa_mask[0]=00000000000000000000000000000000, sa_flags=none
SIGUSR2: [libjvm.dylib+0x4884a6], sa_mask[0]=00100000000000000000000000000000, sa_flags=SA_RESTART|SA_SIGINFO
SIGHUP: [libjvm.dylib+0x486a7d], sa_mask[0]=11111111011111110111111111111111, sa_flags=SA_RESTART|SA_SIGINFO
SIGINT: SIG_IGN, sa_mask[0]=00000000000000000000000000000000, sa_flags=none
SIGTERM: [libjvm.dylib+0x486a7d], sa_mask[0]=11111111011111110111111111111111, sa_flags=SA_RESTART|SA_SIGINFO
SIGQUIT: [libjvm.dylib+0x486a7d], sa_mask[0]=11111111011111110111111111111111, sa_flags=SA_RESTART|SA_SIGINFO


---------------  S Y S T E M  ---------------

OS:Bsduname:Darwin 17.2.0 Darwin Kernel Version 17.2.0: Fri Sep 29 18:27:05 PDT 2017; root:xnu-4570.20.62~3/RELEASE_X86_64 x86_64
rlimit: STACK 8192k, CORE 0k, NPROC 709, NOFILE 10240, AS infinity
load average:3.22 2.38 2.03

CPU:total 4 (initial active 4) (2 cores per cpu, 2 threads per core) family 6 model 61 stepping 4, cmov, cx8, fxsr, mmx, sse, sse2, sse3, ssse3, sse4.1, sse4.2, popcnt, avx, avx2, aes, clmul, erms, 3dnowpref, lzcnt, ht, tsc, tscinvbit, bmi1, bmi2, adx

Memory: 4k page, physical 8388608k(17916k free)

/proc/meminfo:


vm_info: Java HotSpot(TM) 64-Bit Server VM (25.131-b11) for bsd-amd64 JRE (1.8.0_131-b11), built on Mar 15 2017 01:32:22 by "java_re" with gcc 4.2.1 (Based on Apple Inc. build 5658) (LLVM build 2336.11.00)

time: Mon Nov 27 20:23:47 2017
elapsed time: 23 seconds (0d 0h 0m 23s)

